13:34:08 **** Incremental Build of configuration Debug for project test ****
make all 
Building file: ../main.cpp
Invoking: GCC C++ Compiler
g++ -O0 -g3 -Wall -c -fmessage-length=0 -MMD -MP -MF"main.d" -MT"main.d" -o "main.o" "../main.cpp"
Finished building: ../main.cpp
 
Building target: test
Invoking: GCC C++ Linker
g++  -o "test"  ./main.o   
Finished building target: test
 
13:35:22 **** Incremental Build of configuration Debug for project COLARR ****
make all 
make: No se hace nada para `all'.
13:35:22 **** Incremental Build of configuration Debug for project DRGHTS ****
make all 
make: No se hace nada para `all'.
13:35:22 **** Incremental Build of configuration Debug for project LCPESY ****
make all 
make: No se hace nada para `all'.
13:35:22 **** Incremental Build of configuration Debug for project LEMOVIE ****
make all 
make: No se hace nada para `all'.
13:35:22 **** Incremental Build of configuration Debug for project SUBMIN ****
make all 
make: No se hace nada para `all'.
13:35:23 **** Incremental Build of configuration Debug for project TWODOGS ****
make all 
make: No se hace nada para `all'.
13:35:23 **** Incremental Build of configuration Debug for project test ****
make all 
Building file: ../main.cpp
Invoking: GCC C++ Compiler
g++ -O0 -g3 -Wall -c -fmessage-length=0 -MMD -MP -MF"main.d" -MT"main.d" -o "main.o" "../main.cpp"
Finished building: ../main.cpp
 
Building target: test
Invoking: GCC C++ Linker
g++  -o "test"  ./main.o   
Finished building target: test
 
13:35:36 **** Incremental Build of configuration Debug for project test ****
make all 
make: No se hace nada para `all'.
13:38:34 **** Incremental Build of configuration Debug for project test ****
make all 
Building file: ../main.cpp
Invoking: GCC C++ Compiler
g++ -O0 -g3 -Wall -c -fmessage-length=0 -MMD -MP -MF"main.d" -MT"main.d" -o "main.o" "../main.cpp"
Finished building: ../main.cpp
 
Building target: test
Invoking: GCC C++ Linker
g++  -o "test"  ./main.o   
Finished building target: test
 
13:43:35 **** Incremental Build of configuration Debug for project test ****
make all 
Building file: ../main.cpp
Invoking: GCC C++ Compiler
g++ -O0 -g3 -Wall -c -fmessage-length=0 -MMD -MP -MF"main.d" -MT"main.d" -o "main.o" "../main.cpp"
Finished building: ../main.cpp
 
Building target: test
Invoking: GCC C++ Linker
g++  -o "test"  ./main.o   
Finished building target: test
 
13:43:44 **** Incremental Build of configuration Debug for project test ****
make all 
make: No se hace nada para `all'.
13:43:50 **** Incremental Build of configuration Debug for project test ****
make all 
make: No se hace nada para `all'.
13:44:58 **** Incremental Build of configuration Debug for project test ****
make all 
make: No se hace nada para `all'.
14:09:53 **** Incremental Build of configuration Debug for project test ****
make all 
Building file: ../main.cpp
Invoking: GCC C++ Compiler
g++ -O0 -g3 -Wall -c -fmessage-length=0 -MMD -MP -MF"main.d" -MT"main.d" -o "main.o" "../main.cpp"
Finished building: ../main.cpp
 
Building target: test
Invoking: GCC C++ Linker
g++  -o "test"  ./main.o   
Finished building target: test
 
09:04:54 **** Build of configuration Debug for project WALK ****
make all 
Building file: ../main.cpp
Invoking: GCC C++ Compiler
g++ -O0 -g3 -Wall -c -fmessage-length=0 -MMD -MP -MF"main.d" -MT"main.d" -o "main.o" "../main.cpp"
Finished building: ../main.cpp
 
Building target: WALK
Invoking: GCC C++ Linker
g++  -o "WALK"  ./main.o   
Finished building target: WALK
 
09:21:08 **** Incremental Build of configuration Debug for project WALK ****
make all 
Building file: ../main.cpp
Invoking: GCC C++ Compiler
g++ -O0 -g3 -Wall -c -fmessage-length=0 -MMD -MP -MF"main.d" -MT"main.d" -o "main.o" "../main.cpp"
Finished building: ../main.cpp
 
Building target: WALK
Invoking: GCC C++ Linker
g++  -o "WALK"  ./main.o   
Finished building target: WALK
 
09:22:55 **** Incremental Build of configuration Debug for project WALK ****
make all 
Building file: ../main.cpp
Invoking: GCC C++ Compiler
g++ -O0 -g3 -Wall -c -fmessage-length=0 -MMD -MP -MF"main.d" -MT"main.d" -o "main.o" "../main.cpp"
../main.cpp: In function ‘int main()’:
../main.cpp:13:26: error: ‘max’ was not declared in this scope
make: *** [main.o] Error 1
09:23:32 **** Incremental Build of configuration Debug for project WALK ****
make all 
Building file: ../main.cpp
Invoking: GCC C++ Compiler
g++ -O0 -g3 -Wall -c -fmessage-length=0 -MMD -MP -MF"main.d" -MT"main.d" -o "main.o" "../main.cpp"
Finished building: ../main.cpp
 
Building target: WALK
Invoking: GCC C++ Linker
g++  -o "WALK"  ./main.o   
Finished building target: WALK
 
09:23:34 **** Incremental Build of configuration Debug for project WALK ****
make all 
make: No se hace nada para `all'.
09:23:59 **** Incremental Build of configuration Debug for project WALK ****
make all 
make: No se hace nada para `all'.
09:25:20 **** Incremental Build of configuration Debug for project WALK ****
make all 
Building file: ../main.cpp
Invoking: GCC C++ Compiler
g++ -O0 -g3 -Wall -c -fmessage-length=0 -MMD -MP -MF"main.d" -MT"main.d" -o "main.o" "../main.cpp"
../main.cpp: In function ‘int main()’:
../main.cpp:13:26: error: ‘max’ was not declared in this scope
make: *** [main.o] Error 1
09:25:34 **** Incremental Build of configuration Debug for project WALK ****
make all 
Building file: ../main.cpp
Invoking: GCC C++ Compiler
g++ -O0 -g3 -Wall -c -fmessage-length=0 -MMD -MP -MF"main.d" -MT"main.d" -o "main.o" "../main.cpp"
Finished building: ../main.cpp
 
Building target: WALK
Invoking: GCC C++ Linker
g++  -o "WALK"  ./main.o   
Finished building target: WALK
 
09:25:36 **** Incremental Build of configuration Debug for project WALK ****
make all 
make: No se hace nada para `all'.
09:45:12 **** Build of configuration Debug for project PROSUM ****
make all 
Building file: ../main.cpp
Invoking: GCC C++ Compiler
g++ -O0 -g3 -Wall -c -fmessage-length=0 -MMD -MP -MF"main.d" -MT"main.d" -o "main.o" "../main.cpp"
Finished building: ../main.cpp
 
Building target: PROSUM
Invoking: GCC C++ Linker
g++  -o "PROSUM"  ./main.o   
Finished building target: PROSUM
 
09:45:12 **** Incremental Build of configuration Debug for project WALK ****
make all 
make: No se hace nada para `all'.
09:45:14 **** Incremental Build of configuration Debug for project PROSUM ****
make all 
make: No se hace nada para `all'.
09:46:06 **** Incremental Build of configuration Debug for project PROSUM ****
make all 
Building file: ../main.cpp
Invoking: GCC C++ Compiler
g++ -O0 -g3 -Wall -c -fmessage-length=0 -MMD -MP -MF"main.d" -MT"main.d" -o "main.o" "../main.cpp"
Finished building: ../main.cpp
 
Building target: PROSUM
Invoking: GCC C++ Linker
g++  -o "PROSUM"  ./main.o   
Finished building target: PROSUM
 
09:48:30 **** Incremental Build of configuration Debug for project PROSUM ****
make all 
Building file: ../main.cpp
Invoking: GCC C++ Compiler
g++ -O0 -g3 -Wall -c -fmessage-length=0 -MMD -MP -MF"main.d" -MT"main.d" -o "main.o" "../main.cpp"
Finished building: ../main.cpp
 
Building target: PROSUM
Invoking: GCC C++ Linker
g++  -o "PROSUM"  ./main.o   
Finished building target: PROSUM
 
09:48:51 **** Incremental Build of configuration Debug for project PROSUM ****
make all 
Building file: ../main.cpp
Invoking: GCC C++ Compiler
g++ -O0 -g3 -Wall -c -fmessage-length=0 -MMD -MP -MF"main.d" -MT"main.d" -o "main.o" "../main.cpp"
Finished building: ../main.cpp
 
Building target: PROSUM
Invoking: GCC C++ Linker
g++  -o "PROSUM"  ./main.o   
Finished building target: PROSUM
 
23:07:23 **** Incremental Build of configuration Debug for project PROSUM ****
make all 
make: No se hace nada para `all'.
23:07:23 **** Build of configuration Debug for project TMSLT ****
make all 
Building file: ../main.cpp
Invoking: GCC C++ Compiler
g++ -O0 -g3 -Wall -c -fmessage-length=0 -MMD -MP -MF"main.d" -MT"main.d" -o "main.o" "../main.cpp"
Finished building: ../main.cpp
 
Building target: TMSLT
Invoking: GCC C++ Linker
g++  -o "TMSLT"  ./main.o   
Finished building target: TMSLT
 
23:07:25 **** Incremental Build of configuration Debug for project WALK ****
make all 
make: No se hace nada para `all'.
23:07:29 **** Incremental Build of configuration Debug for project TMSLT ****
make all 
make: No se hace nada para `all'.
23:10:18 **** Incremental Build of configuration Debug for project TMSLT ****
make all 
Building file: ../main.cpp
Invoking: GCC C++ Compiler
g++ -O0 -g3 -Wall -c -fmessage-length=0 -MMD -MP -MF"main.d" -MT"main.d" -o "main.o" "../main.cpp"
Finished building: ../main.cpp
 
Building target: TMSLT
Invoking: GCC C++ Linker
g++  -o "TMSLT"  ./main.o   
Finished building target: TMSLT
 
23:57:40 **** Incremental Build of configuration Debug for project TMSLT ****
make all 
make: No se hace nada para `all'.
00:02:22 **** Incremental Build of configuration Debug for project TMSLT ****
make all 
Building file: ../main.cpp
Invoking: GCC C++ Compiler
g++ -O0 -g3 -Wall -c -fmessage-length=0 -MMD -MP -MF"main.d" -MT"main.d" -o "main.o" "../main.cpp"
Finished building: ../main.cpp
 
Building target: TMSLT
Invoking: GCC C++ Linker
g++  -o "TMSLT"  ./main.o   
Finished building target: TMSLT
 
00:02:53 **** Incremental Build of configuration Debug for project TMSLT ****
make all 
Building file: ../main.cpp
Invoking: GCC C++ Compiler
g++ -O0 -g3 -Wall -c -fmessage-length=0 -MMD -MP -MF"main.d" -MT"main.d" -o "main.o" "../main.cpp"
Finished building: ../main.cpp
 
Building target: TMSLT
Invoking: GCC C++ Linker
g++  -o "TMSLT"  ./main.o   
Finished building target: TMSLT
 
00:03:02 **** Incremental Build of configuration Debug for project TMSLT ****
make all 
make: No se hace nada para `all'.
00:04:07 **** Incremental Build of configuration Debug for project TMSLT ****
make all 
Building file: ../main.cpp
Invoking: GCC C++ Compiler
g++ -O0 -g3 -Wall -c -fmessage-length=0 -MMD -MP -MF"main.d" -MT"main.d" -o "main.o" "../main.cpp"
Finished building: ../main.cpp
 
Building target: TMSLT
Invoking: GCC C++ Linker
g++  -o "TMSLT"  ./main.o   
Finished building target: TMSLT
 
00:08:39 **** Incremental Build of configuration Debug for project TMSLT ****
make all 
Building file: ../main.cpp
Invoking: GCC C++ Compiler
g++ -O0 -g3 -Wall -c -fmessage-length=0 -MMD -MP -MF"main.d" -MT"main.d" -o "main.o" "../main.cpp"
Finished building: ../main.cpp
 
Building target: TMSLT
Invoking: GCC C++ Linker
g++  -o "TMSLT"  ./main.o   
Finished building target: TMSLT
 
00:14:47 **** Incremental Build of configuration Debug for project TMSLT ****
make all 
Building file: ../main.cpp
Invoking: GCC C++ Compiler
g++ -O0 -g3 -Wall -c -fmessage-length=0 -MMD -MP -MF"main.d" -MT"main.d" -o "main.o" "../main.cpp"
../main.cpp: In function ‘int main()’:
../main.cpp:18:6: error: missing template arguments before ‘[’ token
../main.cpp:21:7: error: missing template arguments before ‘[’ token
make: *** [main.o] Error 1
00:15:01 **** Incremental Build of configuration Debug for project TMSLT ****
make all 
Building file: ../main.cpp
Invoking: GCC C++ Compiler
g++ -O0 -g3 -Wall -c -fmessage-length=0 -MMD -MP -MF"main.d" -MT"main.d" -o "main.o" "../main.cpp"
Finished building: ../main.cpp
 
Building target: TMSLT
Invoking: GCC C++ Linker
g++  -o "TMSLT"  ./main.o   
Finished building target: TMSLT
 
00:15:36 **** Incremental Build of configuration Debug for project TMSLT ****
make all 
Building file: ../main.cpp
Invoking: GCC C++ Compiler
g++ -O0 -g3 -Wall -c -fmessage-length=0 -MMD -MP -MF"main.d" -MT"main.d" -o "main.o" "../main.cpp"
Finished building: ../main.cpp
 
Building target: TMSLT
Invoking: GCC C++ Linker
g++  -o "TMSLT"  ./main.o   
Finished building target: TMSLT
 
00:17:04 **** Incremental Build of configuration Debug for project TMSLT ****
make all 
Building file: ../main.cpp
Invoking: GCC C++ Compiler
g++ -O0 -g3 -Wall -c -fmessage-length=0 -MMD -MP -MF"main.d" -MT"main.d" -o "main.o" "../main.cpp"
Finished building: ../main.cpp
 
Building target: TMSLT
Invoking: GCC C++ Linker
g++  -o "TMSLT"  ./main.o   
Finished building target: TMSLT
 
00:35:41 **** Incremental Build of configuration Debug for project TMSLT ****
make all 
Building file: ../main.cpp
Invoking: GCC C++ Compiler
g++ -O0 -g3 -Wall -c -fmessage-length=0 -MMD -MP -MF"main.d" -MT"main.d" -o "main.o" "../main.cpp"
Finished building: ../main.cpp
 
Building target: TMSLT
Invoking: GCC C++ Linker
g++  -o "TMSLT"  ./main.o   
Finished building target: TMSLT
 
00:38:10 **** Incremental Build of configuration Debug for project TMSLT ****
make all 
Building file: ../main.cpp
Invoking: GCC C++ Compiler
g++ -O0 -g3 -Wall -c -fmessage-length=0 -MMD -MP -MF"main.d" -MT"main.d" -o "main.o" "../main.cpp"
Finished building: ../main.cpp
 
Building target: TMSLT
Invoking: GCC C++ Linker
g++  -o "TMSLT"  ./main.o   
Finished building target: TMSLT
 
00:42:20 **** Incremental Build of configuration Debug for project TMSLT ****
make all 
Building file: ../main.cpp
Invoking: GCC C++ Compiler
g++ -O0 -g3 -Wall -c -fmessage-length=0 -MMD -MP -MF"main.d" -MT"main.d" -o "main.o" "../main.cpp"
Finished building: ../main.cpp
 
Building target: TMSLT
Invoking: GCC C++ Linker
g++  -o "TMSLT"  ./main.o   
Finished building target: TMSLT
 
00:52:22 **** Incremental Build of configuration Debug for project TMSLT ****
make all 
Building file: ../main.cpp
Invoking: GCC C++ Compiler
g++ -O0 -g3 -Wall -c -fmessage-length=0 -MMD -MP -MF"main.d" -MT"main.d" -o "main.o" "../main.cpp"
Finished building: ../main.cpp
 
Building target: TMSLT
Invoking: GCC C++ Linker
g++  -o "TMSLT"  ./main.o   
Finished building target: TMSLT
 
00:54:56 **** Incremental Build of configuration Debug for project TMSLT ****
make all 
Building file: ../main.cpp
Invoking: GCC C++ Compiler
g++ -O0 -g3 -Wall -c -fmessage-length=0 -MMD -MP -MF"main.d" -MT"main.d" -o "main.o" "../main.cpp"
Finished building: ../main.cpp
 
Building target: TMSLT
Invoking: GCC C++ Linker
g++  -o "TMSLT"  ./main.o   
Finished building target: TMSLT
 
01:12:43 **** Incremental Build of configuration Debug for project TMSLT ****
make all 
Building file: ../main.cpp
Invoking: GCC C++ Compiler
g++ -O0 -g3 -Wall -c -fmessage-length=0 -MMD -MP -MF"main.d" -MT"main.d" -o "main.o" "../main.cpp"
Finished building: ../main.cpp
 
Building target: TMSLT
Invoking: GCC C++ Linker
g++  -o "TMSLT"  ./main.o   
Finished building target: TMSLT
 
01:13:08 **** Incremental Build of configuration Debug for project TMSLT ****
make all 
Building file: ../main.cpp
Invoking: GCC C++ Compiler
g++ -O0 -g3 -Wall -c -fmessage-length=0 -MMD -MP -MF"main.d" -MT"main.d" -o "main.o" "../main.cpp"
Finished building: ../main.cpp
 
Building target: TMSLT
Invoking: GCC C++ Linker
g++  -o "TMSLT"  ./main.o   
Finished building target: TMSLT
 
01:13:32 **** Incremental Build of configuration Debug for project TMSLT ****
make all 
Building file: ../main.cpp
Invoking: GCC C++ Compiler
g++ -O0 -g3 -Wall -c -fmessage-length=0 -MMD -MP -MF"main.d" -MT"main.d" -o "main.o" "../main.cpp"
Finished building: ../main.cpp
 
Building target: TMSLT
Invoking: GCC C++ Linker
g++  -o "TMSLT"  ./main.o   
Finished building target: TMSLT
 
01:14:02 **** Incremental Build of configuration Debug for project TMSLT ****
make all 
make: No se hace nada para `all'.
01:14:02 **** Incremental Build of configuration Debug for project TMSLT ****
make all 
make: No se hace nada para `all'.
11:58:23 **** Incremental Build of configuration Debug for project TMSLT ****
make all 
make: No se hace nada para `all'.
11:58:51 **** Incremental Build of configuration Debug for project TMSLT ****
make all 
make: No se hace nada para `all'.
11:59:18 **** Incremental Build of configuration Debug for project TMSLT ****
make all 
make: No se hace nada para `all'.
11:59:53 **** Incremental Build of configuration Debug for project TMSLT ****
make all 
Building file: ../main.cpp
Invoking: GCC C++ Compiler
g++ -O0 -g3 -Wall -c -fmessage-length=0 -MMD -MP -MF"main.d" -MT"main.d" -o "main.o" "../main.cpp"
Finished building: ../main.cpp
 
Building target: TMSLT
Invoking: GCC C++ Linker
g++  -o "TMSLT"  ./main.o   
Finished building target: TMSLT
 
12:00:18 **** Incremental Build of configuration Debug for project TMSLT ****
make all 
Building file: ../main.cpp
Invoking: GCC C++ Compiler
g++ -O0 -g3 -Wall -c -fmessage-length=0 -MMD -MP -MF"main.d" -MT"main.d" -o "main.o" "../main.cpp"
Finished building: ../main.cpp
 
Building target: TMSLT
Invoking: GCC C++ Linker
g++  -o "TMSLT"  ./main.o   
Finished building target: TMSLT
 
12:02:11 **** Incremental Build of configuration Debug for project TMSLT ****
make all 
Building file: ../main.cpp
Invoking: GCC C++ Compiler
g++ -O0 -g3 -Wall -c -fmessage-length=0 -MMD -MP -MF"main.d" -MT"main.d" -o "main.o" "../main.cpp"
Finished building: ../main.cpp
 
Building target: TMSLT
Invoking: GCC C++ Linker
g++  -o "TMSLT"  ./main.o   
Finished building target: TMSLT
 
12:07:15 **** Incremental Build of configuration Debug for project TMSLT ****
make all 
Building file: ../main.cpp
Invoking: GCC C++ Compiler
g++ -O0 -g3 -Wall -c -fmessage-length=0 -MMD -MP -MF"main.d" -MT"main.d" -o "main.o" "../main.cpp"
Finished building: ../main.cpp
 
Building target: TMSLT
Invoking: GCC C++ Linker
g++  -o "TMSLT"  ./main.o   
Finished building target: TMSLT
 
12:10:28 **** Incremental Build of configuration Debug for project TMSLT ****
make all 
Building file: ../main.cpp
Invoking: GCC C++ Compiler
g++ -O0 -g3 -Wall -c -fmessage-length=0 -MMD -MP -MF"main.d" -MT"main.d" -o "main.o" "../main.cpp"
Finished building: ../main.cpp
 
Building target: TMSLT
Invoking: GCC C++ Linker
g++  -o "TMSLT"  ./main.o   
Finished building target: TMSLT
 
12:11:07 **** Incremental Build of configuration Debug for project TMSLT ****
make all 
Building file: ../main.cpp
Invoking: GCC C++ Compiler
g++ -O0 -g3 -Wall -c -fmessage-length=0 -MMD -MP -MF"main.d" -MT"main.d" -o "main.o" "../main.cpp"
Finished building: ../main.cpp
 
Building target: TMSLT
Invoking: GCC C++ Linker
g++  -o "TMSLT"  ./main.o   
Finished building target: TMSLT
 
12:23:53 **** Incremental Build of configuration Debug for project TMSLT ****
make all 
Building file: ../main.cpp
Invoking: GCC C++ Compiler
g++ -O0 -g3 -Wall -c -fmessage-length=0 -MMD -MP -MF"main.d" -MT"main.d" -o "main.o" "../main.cpp"
../main.cpp: In function ‘int main()’:
../main.cpp:35:2: error: ‘cout’ was not declared in this scope
../main.cpp:35:22: error: ‘endl’ was not declared in this scope
make: *** [main.o] Error 1
12:24:04 **** Incremental Build of configuration Debug for project TMSLT ****
make all 
Building file: ../main.cpp
Invoking: GCC C++ Compiler
g++ -O0 -g3 -Wall -c -fmessage-length=0 -MMD -MP -MF"main.d" -MT"main.d" -o "main.o" "../main.cpp"
Finished building: ../main.cpp
 
Building target: TMSLT
Invoking: GCC C++ Linker
g++  -o "TMSLT"  ./main.o   
Finished building target: TMSLT
 
13:00:26 **** Build of configuration Debug for project MIKE3 ****
make all 
Building file: ../main.cpp
Invoking: GCC C++ Compiler
g++ -O0 -g3 -Wall -c -fmessage-length=0 -MMD -MP -MF"main.d" -MT"main.d" -o "main.o" "../main.cpp"
Finished building: ../main.cpp
 
Building target: MIKE3
Invoking: GCC C++ Linker
g++  -o "MIKE3"  ./main.o   
Finished building target: MIKE3
 
13:00:26 **** Incremental Build of configuration Debug for project PROSUM ****
make all 
make: No se hace nada para `all'.
13:00:26 **** Incremental Build of configuration Debug for project TMSLT ****
make all 
Building file: ../main.cpp
Invoking: GCC C++ Compiler
g++ -O0 -g3 -Wall -c -fmessage-length=0 -MMD -MP -MF"main.d" -MT"main.d" -o "main.o" "../main.cpp"
Finished building: ../main.cpp
 
Building target: TMSLT
Invoking: GCC C++ Linker
g++  -o "TMSLT"  ./main.o   
Finished building target: TMSLT
 
13:00:27 **** Incremental Build of configuration Debug for project WALK ****
make all 
make: No se hace nada para `all'.
13:00:28 **** Incremental Build of configuration Debug for project MIKE3 ****
make all 
make: No se hace nada para `all'.
18:04:45 **** Incremental Build of configuration Debug for project MIKE3 ****
make all 
Building file: ../main.cpp
Invoking: GCC C++ Compiler
g++ -O0 -g3 -Wall -c -fmessage-length=0 -MMD -MP -MF"main.d" -MT"main.d" -o "main.o" "../main.cpp"
Finished building: ../main.cpp
 
Building target: MIKE3
Invoking: GCC C++ Linker
g++  -o "MIKE3"  ./main.o   
Finished building target: MIKE3
 
18:11:05 **** Incremental Build of configuration Debug for project MIKE3 ****
make all 
Building file: ../main.cpp
Invoking: GCC C++ Compiler
g++ -O0 -g3 -Wall -c -fmessage-length=0 -MMD -MP -MF"main.d" -MT"main.d" -o "main.o" "../main.cpp"
Finished building: ../main.cpp
 
Building target: MIKE3
Invoking: GCC C++ Linker
g++  -o "MIKE3"  ./main.o   
Finished building target: MIKE3
 
19:02:34 **** Incremental Build of configuration Debug for project MIKE3 ****
make all 
Building file: ../main.cpp
Invoking: GCC C++ Compiler
g++ -O0 -g3 -Wall -c -fmessage-length=0 -MMD -MP -MF"main.d" -MT"main.d" -o "main.o" "../main.cpp"
Finished building: ../main.cpp
 
Building target: MIKE3
Invoking: GCC C++ Linker
g++  -o "MIKE3"  ./main.o   
Finished building target: MIKE3
 
19:05:42 **** Incremental Build of configuration Debug for project MIKE3 ****
make all 
Building file: ../generador.cpp
Invoking: GCC C++ Compiler
g++ -O0 -g3 -Wall -c -fmessage-length=0 -MMD -MP -MF"generador.d" -MT"generador.d" -o "generador.o" "../generador.cpp"
Finished building: ../generador.cpp
 
Building file: ../main.cpp
Invoking: GCC C++ Compiler
g++ -O0 -g3 -Wall -c -fmessage-length=0 -MMD -MP -MF"main.d" -MT"main.d" -o "main.o" "../main.cpp"
Finished building: ../main.cpp
 
Building target: MIKE3
Invoking: GCC C++ Linker
g++  -o "MIKE3"  ./generador.o ./main.o   
./main.o: In function `main':
/home/branimir/github/Workspace/CODECHEF/MARCH14/MIKE3/Debug/../main.cpp:12: multiple definition of `main'
./generador.o:/home/branimir/github/Workspace/CODECHEF/MARCH14/MIKE3/Debug/../generador.cpp:5: first defined here
collect2: error: ld returned 1 exit status
make: *** [MIKE3] Error 1
19:06:31 **** Incremental Build of configuration Debug for project MIKE3 ****
make all 
Building file: ../generador.cpp
Invoking: GCC C++ Compiler
g++ -O0 -g3 -Wall -c -fmessage-length=0 -MMD -MP -MF"generador.d" -MT"generador.d" -o "generador.o" "../generador.cpp"
Finished building: ../generador.cpp
 
Building target: MIKE3
Invoking: GCC C++ Linker
g++  -o "MIKE3"  ./generador.o ./main.o   
Finished building target: MIKE3
 
20:43:37 **** Incremental Build of configuration Debug for project MIKE3 ****
make all 
Building file: ../main.cpp
Invoking: GCC C++ Compiler
g++ -O0 -g3 -Wall -c -fmessage-length=0 -MMD -MP -MF"main.d" -MT"main.d" -o "main.o" "../main.cpp"
Finished building: ../main.cpp
 
Building target: MIKE3
Invoking: GCC C++ Linker
g++  -o "MIKE3"  ./generador.o ./main.o   
Finished building target: MIKE3
 
20:43:58 **** Incremental Build of configuration Debug for project MIKE3 ****
make all 
Building file: ../main.cpp
Invoking: GCC C++ Compiler
g++ -O0 -g3 -Wall -c -fmessage-length=0 -MMD -MP -MF"main.d" -MT"main.d" -o "main.o" "../main.cpp"
Finished building: ../main.cpp
 
Building target: MIKE3
Invoking: GCC C++ Linker
g++  -o "MIKE3"  ./generador.o ./main.o   
Finished building target: MIKE3
 
20:44:06 **** Incremental Build of configuration Debug for project MIKE3 ****
make all 
Building file: ../main.cpp
Invoking: GCC C++ Compiler
g++ -O0 -g3 -Wall -c -fmessage-length=0 -MMD -MP -MF"main.d" -MT"main.d" -o "main.o" "../main.cpp"
Finished building: ../main.cpp
 
Building target: MIKE3
Invoking: GCC C++ Linker
g++  -o "MIKE3"  ./generador.o ./main.o   
Finished building target: MIKE3
 
20:44:20 **** Incremental Build of configuration Debug for project MIKE3 ****
make all 
Building file: ../main.cpp
Invoking: GCC C++ Compiler
g++ -O0 -g3 -Wall -c -fmessage-length=0 -MMD -MP -MF"main.d" -MT"main.d" -o "main.o" "../main.cpp"
Finished building: ../main.cpp
 
Building target: MIKE3
Invoking: GCC C++ Linker
g++  -o "MIKE3"  ./generador.o ./main.o   
Finished building target: MIKE3
 
20:44:26 **** Incremental Build of configuration Debug for project MIKE3 ****
make all 
make: No se hace nada para `all'.
20:53:41 **** Incremental Build of configuration Debug for project MIKE3 ****
make all 
Building file: ../main.cpp
Invoking: GCC C++ Compiler
g++ -O0 -g3 -Wall -c -fmessage-length=0 -MMD -MP -MF"main.d" -MT"main.d" -o "main.o" "../main.cpp"
Finished building: ../main.cpp
 
Building target: MIKE3
Invoking: GCC C++ Linker
g++  -o "MIKE3"  ./generador.o ./main.o   
Finished building target: MIKE3
 
21:00:07 **** Incremental Build of configuration Debug for project MIKE3 ****
make all 
Building file: ../main.cpp
Invoking: GCC C++ Compiler
g++ -O0 -g3 -Wall -c -fmessage-length=0 -MMD -MP -MF"main.d" -MT"main.d" -o "main.o" "../main.cpp"
Finished building: ../main.cpp
 
Building target: MIKE3
Invoking: GCC C++ Linker
g++  -o "MIKE3"  ./generador.o ./main.o   
Finished building target: MIKE3
 
21:01:28 **** Incremental Build of configuration Debug for project MIKE3 ****
make all 
Building file: ../main.cpp
Invoking: GCC C++ Compiler
g++ -O0 -g3 -Wall -c -fmessage-length=0 -MMD -MP -MF"main.d" -MT"main.d" -o "main.o" "../main.cpp"
Finished building: ../main.cpp
 
Building target: MIKE3
Invoking: GCC C++ Linker
g++  -o "MIKE3"  ./generador.o ./main.o   
Finished building target: MIKE3
 
21:59:14 **** Build of configuration Debug for project ANUGCD ****
make all 
Building file: ../main.cpp
Invoking: GCC C++ Compiler
g++ -O0 -g3 -Wall -c -fmessage-length=0 -MMD -MP -MF"main.d" -MT"main.d" -o "main.o" "../main.cpp"
../main.cpp: In function ‘int main()’:
../main.cpp:9:26: error: ‘end’ was not declared in this scope
make: *** [main.o] Error 1
21:59:14 **** Incremental Build of configuration Debug for project MIKE3 ****
make all 
make: No se hace nada para `all'.
21:59:14 **** Incremental Build of configuration Debug for project PROSUM ****
make all 
make: No se hace nada para `all'.
21:59:15 **** Incremental Build of configuration Debug for project TMSLT ****
make all 
make: No se hace nada para `all'.
21:59:15 **** Incremental Build of configuration Debug for project WALK ****
make all 
make: No se hace nada para `all'.
21:59:22 **** Incremental Build of configuration Debug for project ANUGCD ****
make all 
Building file: ../main.cpp
Invoking: GCC C++ Compiler
g++ -O0 -g3 -Wall -c -fmessage-length=0 -MMD -MP -MF"main.d" -MT"main.d" -o "main.o" "../main.cpp"
../main.cpp: In function ‘int main()’:
../main.cpp:10:26: error: ‘end’ was not declared in this scope
make: *** [main.o] Error 1
21:59:22 **** Incremental Build of configuration Debug for project MIKE3 ****
make all 
make: No se hace nada para `all'.
21:59:22 **** Incremental Build of configuration Debug for project PROSUM ****
make all 
make: No se hace nada para `all'.
21:59:23 **** Incremental Build of configuration Debug for project TMSLT ****
make all 
make: No se hace nada para `all'.
21:59:23 **** Incremental Build of configuration Debug for project WALK ****
make all 
make: No se hace nada para `all'.
21:59:46 **** Incremental Build of configuration Debug for project ANUGCD ****
make all 
Building file: ../main.cpp
Invoking: GCC C++ Compiler
g++ -O0 -g3 -Wall -c -fmessage-length=0 -MMD -MP -MF"main.d" -MT"main.d" -o "main.o" "../main.cpp"
../main.cpp: In function ‘int main()’:
../main.cpp:10:26: error: ‘end’ was not declared in this scope
make: *** [main.o] Error 1
21:59:47 **** Incremental Build of configuration Debug for project MIKE3 ****
make all 
make: No se hace nada para `all'.
21:59:47 **** Incremental Build of configuration Debug for project PROSUM ****
make all 
make: No se hace nada para `all'.
21:59:47 **** Incremental Build of configuration Debug for project TMSLT ****
make all 
make: No se hace nada para `all'.
21:59:47 **** Incremental Build of configuration Debug for project WALK ****
make all 
make: No se hace nada para `all'.
21:59:49 **** Incremental Build of configuration Debug for project ANUGCD ****
make all 
Building file: ../main.cpp
Invoking: GCC C++ Compiler
g++ -O0 -g3 -Wall -c -fmessage-length=0 -MMD -MP -MF"main.d" -MT"main.d" -o "main.o" "../main.cpp"
../main.cpp: In function ‘int main()’:
../main.cpp:10:26: error: ‘end’ was not declared in this scope
make: *** [main.o] Error 1
21:59:49 **** Incremental Build of configuration Debug for project MIKE3 ****
make all 
make: No se hace nada para `all'.
21:59:49 **** Incremental Build of configuration Debug for project PROSUM ****
make all 
make: No se hace nada para `all'.
21:59:49 **** Incremental Build of configuration Debug for project TMSLT ****
make all 
make: No se hace nada para `all'.
21:59:49 **** Incremental Build of configuration Debug for project WALK ****
make all 
make: No se hace nada para `all'.
22:00:10 **** Incremental Build of configuration Debug for project ANUGCD ****
make all 
Building file: ../main.cpp
Invoking: GCC C++ Compiler
g++ -O0 -g3 -Wall -c -fmessage-length=0 -MMD -MP -MF"main.d" -MT"main.d" -o "main.o" "../main.cpp"
Finished building: ../main.cpp
 
Building target: ANUGCD
Invoking: GCC C++ Linker
g++  -o "ANUGCD"  ./main.o   
Finished building target: ANUGCD
 
22:00:10 **** Incremental Build of configuration Debug for project MIKE3 ****
make all 
make: No se hace nada para `all'.
22:00:11 **** Incremental Build of configuration Debug for project PROSUM ****
make all 
make: No se hace nada para `all'.
22:00:11 **** Incremental Build of configuration Debug for project TMSLT ****
make all 
make: No se hace nada para `all'.
22:00:11 **** Incremental Build of configuration Debug for project WALK ****
make all 
make: No se hace nada para `all'.
22:00:13 **** Incremental Build of configuration Debug for project ANUGCD ****
make all 
make: No se hace nada para `all'.
03:32:19 **** Incremental Build of configuration Debug for project ANUGCD ****
make all 
Building file: ../main.cpp
Invoking: GCC C++ Compiler
g++ -O0 -g3 -Wall -c -fmessage-length=0 -MMD -MP -MF"main.d" -MT"main.d" -o "main.o" "../main.cpp"
../main.cpp: In function ‘void lento()’:
../main.cpp:19:43: error: ‘maximum’ was not declared in this scope
../main.cpp:20:41: error: expected ‘)’ before ‘]’ token
../main.cpp:21:46: error: expected ‘)’ before ‘;’ token
make: *** [main.o] Error 1
03:32:20 **** Incremental Build of configuration Debug for project MIKE3 ****
make all 
make: No se hace nada para `all'.
03:32:20 **** Incremental Build of configuration Debug for project PROSUM ****
make all 
make: No se hace nada para `all'.
03:32:20 **** Incremental Build of configuration Debug for project TMSLT ****
make all 
make: No se hace nada para `all'.
03:32:21 **** Incremental Build of configuration Debug for project WALK ****
make all 
make: No se hace nada para `all'.
03:35:01 **** Incremental Build of configuration Debug for project ANUGCD ****
make all 
Building file: ../main.cpp
Invoking: GCC C++ Compiler
g++ -O0 -g3 -Wall -c -fmessage-length=0 -MMD -MP -MF"main.d" -MT"main.d" -o "main.o" "../main.cpp"
../main.cpp: In function ‘void lento()’:
../main.cpp:19:46: error: no match for ‘operator[]’ in ‘ans[std::max_element<__gnu_cxx::__normal_iterator<int*, std::vector<int> > >(p.std::vector<_Tp, _Alloc>::begin<int, std::allocator<int> >(), p.std::vector<_Tp, _Alloc>::begin<int, std::allocator<int> >().__gnu_cxx::__normal_iterator<_Iterator, _Container>::operator+<int*, std::vector<int> >((*(const difference_type*)(& mid))))]’
../main.cpp:20:43: error: expected ‘)’ before ‘]’ token
../main.cpp:21:45: error: expected ‘)’ before ‘;’ token
make: *** [main.o] Error 1
03:35:01 **** Incremental Build of configuration Debug for project MIKE3 ****
make all 
make: No se hace nada para `all'.
03:35:01 **** Incremental Build of configuration Debug for project PROSUM ****
make all 
make: No se hace nada para `all'.
03:35:01 **** Incremental Build of configuration Debug for project TMSLT ****
make all 
make: No se hace nada para `all'.
03:35:01 **** Incremental Build of configuration Debug for project WALK ****
make all 
make: No se hace nada para `all'.
03:35:54 **** Incremental Build of configuration Debug for project ANUGCD ****
make all 
Building file: ../main.cpp
Invoking: GCC C++ Compiler
g++ -O0 -g3 -Wall -c -fmessage-length=0 -MMD -MP -MF"main.d" -MT"main.d" -o "main.o" "../main.cpp"
../main.cpp: In function ‘void lento()’:
../main.cpp:19:46: error: no match for ‘operator[]’ in ‘ans[std::max_element<__gnu_cxx::__normal_iterator<int*, std::vector<int> > >(p.std::vector<_Tp, _Alloc>::begin<int, std::allocator<int> >(), p.std::vector<_Tp, _Alloc>::begin<int, std::allocator<int> >().__gnu_cxx::__normal_iterator<_Iterator, _Container>::operator+<int*, std::vector<int> >((*(const difference_type*)(& mid))))]’
../main.cpp:20:43: error: expected ‘)’ before ‘]’ token
../main.cpp:21:45: error: expected ‘)’ before ‘;’ token
make: *** [main.o] Error 1
03:35:54 **** Incremental Build of configuration Debug for project MIKE3 ****
make all 
make: No se hace nada para `all'.
03:35:55 **** Incremental Build of configuration Debug for project PROSUM ****
make all 
make: No se hace nada para `all'.
03:35:55 **** Incremental Build of configuration Debug for project TMSLT ****
make all 
make: No se hace nada para `all'.
03:35:55 **** Incremental Build of configuration Debug for project WALK ****
make all 
make: No se hace nada para `all'.
03:36:36 **** Incremental Build of configuration Debug for project ANUGCD ****
make all 
Building file: ../main.cpp
Invoking: GCC C++ Compiler
g++ -O0 -g3 -Wall -c -fmessage-length=0 -MMD -MP -MF"main.d" -MT"main.d" -o "main.o" "../main.cpp"
../main.cpp: In function ‘void lento()’:
../main.cpp:19:50: error: invalid cast from type ‘__gnu_cxx::__normal_iterator<int*, std::vector<int> >’ to type ‘int’
../main.cpp:20:50: error: expected ‘)’ before ‘]’ token
../main.cpp:21:44: error: no matching function for call to ‘next_permutation(std::vector<int>::iterator, <unresolved overloaded function type>)’
../main.cpp:21:44: note: candidates are:
In file included from /usr/include/c++/4.7/algorithm:63:0,
                 from ../main.cpp:2:
/usr/include/c++/4.7/bits/stl_algo.h:3679:5: note: template<class _BIter> bool std::next_permutation(_BIter, _BIter)
/usr/include/c++/4.7/bits/stl_algo.h:3679:5: note:   template argument deduction/substitution failed:
../main.cpp:21:44: note:   could not resolve address from overloaded function ‘p.std::vector<int>::end’
In file included from /usr/include/c++/4.7/algorithm:63:0,
                 from ../main.cpp:2:
/usr/include/c++/4.7/bits/stl_algo.h:3736:5: note: template<class _BIter, class _Compare> bool std::next_permutation(_BIter, _BIter, _Compare)
/usr/include/c++/4.7/bits/stl_algo.h:3736:5: note:   template argument deduction/substitution failed:
../main.cpp:21:44: note:   could not resolve address from overloaded function ‘p.std::vector<int>::end’
make: *** [main.o] Error 1
03:36:36 **** Incremental Build of configuration Debug for project MIKE3 ****
make all 
make: No se hace nada para `all'.
03:36:36 **** Incremental Build of configuration Debug for project PROSUM ****
make all 
make: No se hace nada para `all'.
03:36:36 **** Incremental Build of configuration Debug for project TMSLT ****
make all 
make: No se hace nada para `all'.
03:36:37 **** Incremental Build of configuration Debug for project WALK ****
make all 
make: No se hace nada para `all'.
03:36:40 **** Incremental Build of configuration Debug for project ANUGCD ****
make all 
Building file: ../main.cpp
Invoking: GCC C++ Compiler
g++ -O0 -g3 -Wall -c -fmessage-length=0 -MMD -MP -MF"main.d" -MT"main.d" -o "main.o" "../main.cpp"
../main.cpp: In function ‘void lento()’:
../main.cpp:19:50: error: invalid cast from type ‘__gnu_cxx::__normal_iterator<int*, std::vector<int> >’ to type ‘int’
../main.cpp:20:48: error: expected ‘)’ before ‘]’ token
../main.cpp:21:44: error: no matching function for call to ‘next_permutation(std::vector<int>::iterator, <unresolved overloaded function type>)’
../main.cpp:21:44: note: candidates are:
In file included from /usr/include/c++/4.7/algorithm:63:0,
                 from ../main.cpp:2:
/usr/include/c++/4.7/bits/stl_algo.h:3679:5: note: template<class _BIter> bool std::next_permutation(_BIter, _BIter)
/usr/include/c++/4.7/bits/stl_algo.h:3679:5: note:   template argument deduction/substitution failed:
../main.cpp:21:44: note:   could not resolve address from overloaded function ‘p.std::vector<int>::end’
In file included from /usr/include/c++/4.7/algorithm:63:0,
                 from ../main.cpp:2:
/usr/include/c++/4.7/bits/stl_algo.h:3736:5: note: template<class _BIter, class _Compare> bool std::next_permutation(_BIter, _BIter, _Compare)
/usr/include/c++/4.7/bits/stl_algo.h:3736:5: note:   template argument deduction/substitution failed:
../main.cpp:21:44: note:   could not resolve address from overloaded function ‘p.std::vector<int>::end’
make: *** [main.o] Error 1
03:36:40 **** Incremental Build of configuration Debug for project MIKE3 ****
make all 
make: No se hace nada para `all'.
03:36:40 **** Incremental Build of configuration Debug for project PROSUM ****
make all 
make: No se hace nada para `all'.
03:36:40 **** Incremental Build of configuration Debug for project TMSLT ****
make all 
make: No se hace nada para `all'.
03:36:41 **** Incremental Build of configuration Debug for project WALK ****
make all 
make: No se hace nada para `all'.
03:37:36 **** Incremental Build of configuration Debug for project ANUGCD ****
make all 
Building file: ../main.cpp
Invoking: GCC C++ Compiler
g++ -O0 -g3 -Wall -c -fmessage-length=0 -MMD -MP -MF"main.d" -MT"main.d" -o "main.o" "../main.cpp"
../main.cpp: In function ‘void lento()’:
../main.cpp:20:44: error: expected ‘)’ before ‘]’ token
../main.cpp:21:44: error: no matching function for call to ‘next_permutation(std::vector<int>::iterator, <unresolved overloaded function type>)’
../main.cpp:21:44: note: candidates are:
In file included from /usr/include/c++/4.7/algorithm:63:0,
                 from ../main.cpp:2:
/usr/include/c++/4.7/bits/stl_algo.h:3679:5: note: template<class _BIter> bool std::next_permutation(_BIter, _BIter)
/usr/include/c++/4.7/bits/stl_algo.h:3679:5: note:   template argument deduction/substitution failed:
../main.cpp:21:44: note:   could not resolve address from overloaded function ‘p.std::vector<int>::end’
In file included from /usr/include/c++/4.7/algorithm:63:0,
                 from ../main.cpp:2:
/usr/include/c++/4.7/bits/stl_algo.h:3736:5: note: template<class _BIter, class _Compare> bool std::next_permutation(_BIter, _BIter, _Compare)
/usr/include/c++/4.7/bits/stl_algo.h:3736:5: note:   template argument deduction/substitution failed:
../main.cpp:21:44: note:   could not resolve address from overloaded function ‘p.std::vector<int>::end’
make: *** [main.o] Error 1
03:37:36 **** Incremental Build of configuration Debug for project MIKE3 ****
make all 
make: No se hace nada para `all'.
03:37:36 **** Incremental Build of configuration Debug for project PROSUM ****
make all 
make: No se hace nada para `all'.
03:37:36 **** Incremental Build of configuration Debug for project TMSLT ****
make all 
make: No se hace nada para `all'.
03:37:36 **** Incremental Build of configuration Debug for project WALK ****
make all 
make: No se hace nada para `all'.
03:37:57 **** Incremental Build of configuration Debug for project ANUGCD ****
make all 
Building file: ../main.cpp
Invoking: GCC C++ Compiler
g++ -O0 -g3 -Wall -c -fmessage-length=0 -MMD -MP -MF"main.d" -MT"main.d" -o "main.o" "../main.cpp"
../main.cpp: In function ‘void lento()’:
../main.cpp:21:44: error: no matching function for call to ‘next_permutation(std::vector<int>::iterator, <unresolved overloaded function type>)’
../main.cpp:21:44: note: candidates are:
In file included from /usr/include/c++/4.7/algorithm:63:0,
                 from ../main.cpp:2:
/usr/include/c++/4.7/bits/stl_algo.h:3679:5: note: template<class _BIter> bool std::next_permutation(_BIter, _BIter)
/usr/include/c++/4.7/bits/stl_algo.h:3679:5: note:   template argument deduction/substitution failed:
../main.cpp:21:44: note:   could not resolve address from overloaded function ‘p.std::vector<int>::end’
In file included from /usr/include/c++/4.7/algorithm:63:0,
                 from ../main.cpp:2:
/usr/include/c++/4.7/bits/stl_algo.h:3736:5: note: template<class _BIter, class _Compare> bool std::next_permutation(_BIter, _BIter, _Compare)
/usr/include/c++/4.7/bits/stl_algo.h:3736:5: note:   template argument deduction/substitution failed:
../main.cpp:21:44: note:   could not resolve address from overloaded function ‘p.std::vector<int>::end’
make: *** [main.o] Error 1
03:37:57 **** Incremental Build of configuration Debug for project MIKE3 ****
make all 
make: No se hace nada para `all'.
03:37:57 **** Incremental Build of configuration Debug for project PROSUM ****
make all 
make: No se hace nada para `all'.
03:37:57 **** Incremental Build of configuration Debug for project TMSLT ****
make all 
make: No se hace nada para `all'.
03:37:57 **** Incremental Build of configuration Debug for project WALK ****
make all 
make: No se hace nada para `all'.
03:38:10 **** Incremental Build of configuration Debug for project ANUGCD ****
make all 
Building file: ../main.cpp
Invoking: GCC C++ Compiler
g++ -O0 -g3 -Wall -c -fmessage-length=0 -MMD -MP -MF"main.d" -MT"main.d" -o "main.o" "../main.cpp"
../main.cpp: In function ‘void lento()’:
../main.cpp:21:44: error: no matching function for call to ‘next_permutation(std::vector<int>::iterator, <unresolved overloaded function type>)’
../main.cpp:21:44: note: candidates are:
In file included from /usr/include/c++/4.7/algorithm:63:0,
                 from ../main.cpp:2:
/usr/include/c++/4.7/bits/stl_algo.h:3679:5: note: template<class _BIter> bool std::next_permutation(_BIter, _BIter)
/usr/include/c++/4.7/bits/stl_algo.h:3679:5: note:   template argument deduction/substitution failed:
../main.cpp:21:44: note:   could not resolve address from overloaded function ‘p.std::vector<int>::end’
In file included from /usr/include/c++/4.7/algorithm:63:0,
                 from ../main.cpp:2:
/usr/include/c++/4.7/bits/stl_algo.h:3736:5: note: template<class _BIter, class _Compare> bool std::next_permutation(_BIter, _BIter, _Compare)
/usr/include/c++/4.7/bits/stl_algo.h:3736:5: note:   template argument deduction/substitution failed:
../main.cpp:21:44: note:   could not resolve address from overloaded function ‘p.std::vector<int>::end’
make: *** [main.o] Error 1
03:38:10 **** Incremental Build of configuration Debug for project MIKE3 ****
make all 
make: No se hace nada para `all'.
03:38:10 **** Incremental Build of configuration Debug for project PROSUM ****
make all 
make: No se hace nada para `all'.
03:38:10 **** Incremental Build of configuration Debug for project TMSLT ****
make all 
make: No se hace nada para `all'.
03:38:10 **** Incremental Build of configuration Debug for project WALK ****
make all 
make: No se hace nada para `all'.
03:38:12 **** Incremental Build of configuration Debug for project ANUGCD ****
make all 
Building file: ../main.cpp
Invoking: GCC C++ Compiler
g++ -O0 -g3 -Wall -c -fmessage-length=0 -MMD -MP -MF"main.d" -MT"main.d" -o "main.o" "../main.cpp"
../main.cpp: In function ‘void lento()’:
../main.cpp:21:47: error: expected ‘)’ before ‘;’ token
make: *** [main.o] Error 1
03:38:12 **** Incremental Build of configuration Debug for project MIKE3 ****
make all 
make: No se hace nada para `all'.
03:38:12 **** Incremental Build of configuration Debug for project PROSUM ****
make all 
make: No se hace nada para `all'.
03:38:12 **** Incremental Build of configuration Debug for project TMSLT ****
make all 
make: No se hace nada para `all'.
03:38:12 **** Incremental Build of configuration Debug for project WALK ****
make all 
make: No se hace nada para `all'.
03:38:14 **** Incremental Build of configuration Debug for project ANUGCD ****
make all 
Building file: ../main.cpp
Invoking: GCC C++ Compiler
g++ -O0 -g3 -Wall -c -fmessage-length=0 -MMD -MP -MF"main.d" -MT"main.d" -o "main.o" "../main.cpp"
Finished building: ../main.cpp
 
Building target: ANUGCD
Invoking: GCC C++ Linker
g++  -o "ANUGCD"  ./main.o   
Finished building target: ANUGCD
 
03:38:15 **** Incremental Build of configuration Debug for project MIKE3 ****
make all 
make: No se hace nada para `all'.
03:38:15 **** Incremental Build of configuration Debug for project PROSUM ****
make all 
make: No se hace nada para `all'.
03:38:15 **** Incremental Build of configuration Debug for project TMSLT ****
make all 
make: No se hace nada para `all'.
03:38:15 **** Incremental Build of configuration Debug for project WALK ****
make all 
make: No se hace nada para `all'.
05:03:27 **** Incremental Build of configuration Debug for project ANUGCD ****
make all 
Building file: ../main.cpp
Invoking: GCC C++ Compiler
g++ -O0 -g3 -Wall -c -fmessage-length=0 -MMD -MP -MF"main.d" -MT"main.d" -o "main.o" "../main.cpp"
Finished building: ../main.cpp
 
Building target: ANUGCD
Invoking: GCC C++ Linker
g++  -o "ANUGCD"  ./main.o   
Finished building target: ANUGCD
 
05:03:28 **** Incremental Build of configuration Debug for project MIKE3 ****
make all 
make: No se hace nada para `all'.
05:03:28 **** Incremental Build of configuration Debug for project PROSUM ****
make all 
make: No se hace nada para `all'.
05:03:29 **** Incremental Build of configuration Debug for project TMSLT ****
make all 
make: No se hace nada para `all'.
05:03:29 **** Incremental Build of configuration Debug for project WALK ****
make all 
make: No se hace nada para `all'.
05:03:43 **** Incremental Build of configuration Debug for project ANUGCD ****
make all 
Building file: ../main.cpp
Invoking: GCC C++ Compiler
g++ -O0 -g3 -Wall -c -fmessage-length=0 -MMD -MP -MF"main.d" -MT"main.d" -o "main.o" "../main.cpp"
Finished building: ../main.cpp
 
Building target: ANUGCD
Invoking: GCC C++ Linker
g++  -o "ANUGCD"  ./main.o   
Finished building target: ANUGCD
 
05:04:40 **** Incremental Build of configuration Debug for project ANUGCD ****
make all 
Building file: ../main.cpp
Invoking: GCC C++ Compiler
g++ -O0 -g3 -Wall -c -fmessage-length=0 -MMD -MP -MF"main.d" -MT"main.d" -o "main.o" "../main.cpp"
Finished building: ../main.cpp
 
Building target: ANUGCD
Invoking: GCC C++ Linker
g++  -o "ANUGCD"  ./main.o   
Finished building target: ANUGCD
 
05:04:41 **** Incremental Build of configuration Debug for project ANUGCD ****
make all 
make: No se hace nada para `all'.
05:05:13 **** Incremental Build of configuration Debug for project ANUGCD ****
make all 
Building file: ../main.cpp
Invoking: GCC C++ Compiler
g++ -O0 -g3 -Wall -c -fmessage-length=0 -MMD -MP -MF"main.d" -MT"main.d" -o "main.o" "../main.cpp"
Finished building: ../main.cpp
 
Building target: ANUGCD
Invoking: GCC C++ Linker
g++  -o "ANUGCD"  ./main.o   
Finished building target: ANUGCD
 
05:05:30 **** Incremental Build of configuration Debug for project ANUGCD ****
make all 
Building file: ../main.cpp
Invoking: GCC C++ Compiler
g++ -O0 -g3 -Wall -c -fmessage-length=0 -MMD -MP -MF"main.d" -MT"main.d" -o "main.o" "../main.cpp"
../main.cpp: In function ‘int main()’:
../main.cpp:34:10: error: expected primary-expression before ‘typeof’
../main.cpp:34:10: error: expected ‘;’ before ‘typeof’
make: *** [main.o] Error 1
05:06:10 **** Incremental Build of configuration Debug for project ANUGCD ****
make all 
Building file: ../main.cpp
Invoking: GCC C++ Compiler
g++ -O0 -g3 -Wall -c -fmessage-length=0 -MMD -MP -MF"main.d" -MT"main.d" -o "main.o" "../main.cpp"
Finished building: ../main.cpp
 
Building target: ANUGCD
Invoking: GCC C++ Linker
g++  -o "ANUGCD"  ./main.o   
Finished building target: ANUGCD
 
05:07:18 **** Incremental Build of configuration Debug for project ANUGCD ****
make all 
Building file: ../main.cpp
Invoking: GCC C++ Compiler
g++ -O0 -g3 -Wall -c -fmessage-length=0 -MMD -MP -MF"main.d" -MT"main.d" -o "main.o" "../main.cpp"
Finished building: ../main.cpp
 
Building target: ANUGCD
Invoking: GCC C++ Linker
g++  -o "ANUGCD"  ./main.o   
Finished building target: ANUGCD
 
01:14:13 **** Build of configuration Debug for project ANUGCD ****
make all 
Building file: ../main.cpp
Invoking: GCC C++ Compiler
g++ -O0 -g3 -Wall -c -fmessage-length=0 -MMD -MP -MF"main.d" -MT"main.d" -o "main.o" "../main.cpp"
Finished building: ../main.cpp
 
Building target: ANUGCD
Invoking: GCC C++ Linker
g++  -o "ANUGCD"  ./main.o   
Finished building target: ANUGCD
 
01:14:14 **** Build of configuration Debug for project MIKE3 ****
make all 
make: No se hace nada para `all'.
01:14:14 **** Build of configuration Debug for project PROSUM ****
make all 
make: No se hace nada para `all'.
01:14:15 **** Build of configuration Debug for project TMSLT ****
make all 
make: No se hace nada para `all'.
01:14:15 **** Build of configuration Debug for project WALK ****
make all 
make: No se hace nada para `all'.
01:14:17 **** Incremental Build of configuration Debug for project ANUGCD ****
make all 
make: No se hace nada para `all'.
01:14:40 **** Incremental Build of configuration Debug for project ANUGCD ****
make all 
Building file: ../main.cpp
Invoking: GCC C++ Compiler
g++ -O0 -g3 -Wall -c -fmessage-length=0 -MMD -MP -MF"main.d" -MT"main.d" -o "main.o" "../main.cpp"
Finished building: ../main.cpp
 
Building target: ANUGCD
Invoking: GCC C++ Linker
g++  -o "ANUGCD"  ./main.o   
Finished building target: ANUGCD
 
01:16:24 **** Incremental Build of configuration Debug for project ANUGCD ****
make all 
Building file: ../main.cpp
Invoking: GCC C++ Compiler
g++ -O0 -g3 -Wall -c -fmessage-length=0 -MMD -MP -MF"main.d" -MT"main.d" -o "main.o" "../main.cpp"
../main.cpp: In function ‘int main()’:
../main.cpp:22:33: warning: comparison between signed and unsigned integer expressions [-Wsign-compare]
Finished building: ../main.cpp
 
Building target: ANUGCD
Invoking: GCC C++ Linker
g++  -o "ANUGCD"  ./main.o   
Finished building target: ANUGCD
 
01:25:33 **** Incremental Build of configuration Debug for project ANUGCD ****
make all 
Building file: ../main.cpp
Invoking: GCC C++ Compiler
g++ -O0 -g3 -Wall -c -fmessage-length=0 -MMD -MP -MF"main.d" -MT"main.d" -o "main.o" "../main.cpp"
../main.cpp: In function ‘int main()’:
../main.cpp:42:30: warning: comparison between signed and unsigned integer expressions [-Wsign-compare]
Finished building: ../main.cpp
 
Building target: ANUGCD
Invoking: GCC C++ Linker
g++  -o "ANUGCD"  ./main.o   
Finished building target: ANUGCD
 
01:26:43 **** Incremental Build of configuration Debug for project ANUGCD ****
make all 
Building file: ../main.cpp
Invoking: GCC C++ Compiler
g++ -O0 -g3 -Wall -c -fmessage-length=0 -MMD -MP -MF"main.d" -MT"main.d" -o "main.o" "../main.cpp"
../main.cpp: In function ‘int main()’:
../main.cpp:43:30: warning: comparison between signed and unsigned integer expressions [-Wsign-compare]
Finished building: ../main.cpp
 
Building target: ANUGCD
Invoking: GCC C++ Linker
g++  -o "ANUGCD"  ./main.o   
Finished building target: ANUGCD
 
01:27:06 **** Incremental Build of configuration Debug for project ANUGCD ****
make all 
Building file: ../main.cpp
Invoking: GCC C++ Compiler
g++ -O0 -g3 -Wall -c -fmessage-length=0 -MMD -MP -MF"main.d" -MT"main.d" -o "main.o" "../main.cpp"
../main.cpp: In function ‘int main()’:
../main.cpp:43:30: warning: comparison between signed and unsigned integer expressions [-Wsign-compare]
Finished building: ../main.cpp
 
Building target: ANUGCD
Invoking: GCC C++ Linker
g++  -o "ANUGCD"  ./main.o   
Finished building target: ANUGCD
 
01:27:39 **** Incremental Build of configuration Debug for project ANUGCD ****
make all 
Building file: ../main.cpp
Invoking: GCC C++ Compiler
g++ -O0 -g3 -Wall -c -fmessage-length=0 -MMD -MP -MF"main.d" -MT"main.d" -o "main.o" "../main.cpp"
../main.cpp: In function ‘int main()’:
../main.cpp:43:30: warning: comparison between signed and unsigned integer expressions [-Wsign-compare]
Finished building: ../main.cpp
 
Building target: ANUGCD
Invoking: GCC C++ Linker
g++  -o "ANUGCD"  ./main.o   
Finished building target: ANUGCD
 
01:27:42 **** Incremental Build of configuration Debug for project ANUGCD ****
make all 
make: No se hace nada para `all'.
01:28:00 **** Incremental Build of configuration Debug for project ANUGCD ****
make all 
make: No se hace nada para `all'.
01:28:11 **** Incremental Build of configuration Debug for project ANUGCD ****
make all 
Building file: ../main.cpp
Invoking: GCC C++ Compiler
g++ -O0 -g3 -Wall -c -fmessage-length=0 -MMD -MP -MF"main.d" -MT"main.d" -o "main.o" "../main.cpp"
../main.cpp: In function ‘int main()’:
../main.cpp:44:30: warning: comparison between signed and unsigned integer expressions [-Wsign-compare]
Finished building: ../main.cpp
 
Building target: ANUGCD
Invoking: GCC C++ Linker
g++  -o "ANUGCD"  ./main.o   
Finished building target: ANUGCD
 
01:28:18 **** Incremental Build of configuration Debug for project ANUGCD ****
make all 
Building file: ../main.cpp
Invoking: GCC C++ Compiler
g++ -O0 -g3 -Wall -c -fmessage-length=0 -MMD -MP -MF"main.d" -MT"main.d" -o "main.o" "../main.cpp"
../main.cpp: In function ‘int main()’:
../main.cpp:44:30: warning: comparison between signed and unsigned integer expressions [-Wsign-compare]
Finished building: ../main.cpp
 
Building target: ANUGCD
Invoking: GCC C++ Linker
g++  -o "ANUGCD"  ./main.o   
Finished building target: ANUGCD
 
01:28:37 **** Incremental Build of configuration Debug for project ANUGCD ****
make all 
Building file: ../main.cpp
Invoking: GCC C++ Compiler
g++ -O0 -g3 -Wall -c -fmessage-length=0 -MMD -MP -MF"main.d" -MT"main.d" -o "main.o" "../main.cpp"
../main.cpp: In function ‘int main()’:
../main.cpp:44:30: warning: comparison between signed and unsigned integer expressions [-Wsign-compare]
Finished building: ../main.cpp
 
Building target: ANUGCD
Invoking: GCC C++ Linker
g++  -o "ANUGCD"  ./main.o   
Finished building target: ANUGCD
 
01:28:45 **** Incremental Build of configuration Debug for project ANUGCD ****
make all 
Building file: ../main.cpp
Invoking: GCC C++ Compiler
g++ -O0 -g3 -Wall -c -fmessage-length=0 -MMD -MP -MF"main.d" -MT"main.d" -o "main.o" "../main.cpp"
../main.cpp: In function ‘int main()’:
../main.cpp:44:30: warning: comparison between signed and unsigned integer expressions [-Wsign-compare]
Finished building: ../main.cpp
 
Building target: ANUGCD
Invoking: GCC C++ Linker
g++  -o "ANUGCD"  ./main.o   
Finished building target: ANUGCD
 
01:29:07 **** Incremental Build of configuration Debug for project ANUGCD ****
make all 
Building file: ../main.cpp
Invoking: GCC C++ Compiler
g++ -O0 -g3 -Wall -c -fmessage-length=0 -MMD -MP -MF"main.d" -MT"main.d" -o "main.o" "../main.cpp"
../main.cpp: In function ‘int main()’:
../main.cpp:45:30: warning: comparison between signed and unsigned integer expressions [-Wsign-compare]
Finished building: ../main.cpp
 
Building target: ANUGCD
Invoking: GCC C++ Linker
g++  -o "ANUGCD"  ./main.o   
Finished building target: ANUGCD
 
01:29:25 **** Incremental Build of configuration Debug for project ANUGCD ****
make all 
Building file: ../main.cpp
Invoking: GCC C++ Compiler
g++ -O0 -g3 -Wall -c -fmessage-length=0 -MMD -MP -MF"main.d" -MT"main.d" -o "main.o" "../main.cpp"
../main.cpp: In function ‘int main()’:
../main.cpp:45:30: warning: comparison between signed and unsigned integer expressions [-Wsign-compare]
Finished building: ../main.cpp
 
Building target: ANUGCD
Invoking: GCC C++ Linker
g++  -o "ANUGCD"  ./main.o   
Finished building target: ANUGCD
 
01:29:43 **** Incremental Build of configuration Debug for project ANUGCD ****
make all 
Building file: ../main.cpp
Invoking: GCC C++ Compiler
g++ -O0 -g3 -Wall -c -fmessage-length=0 -MMD -MP -MF"main.d" -MT"main.d" -o "main.o" "../main.cpp"
../main.cpp: In function ‘int main()’:
../main.cpp:46:30: warning: comparison between signed and unsigned integer expressions [-Wsign-compare]
Finished building: ../main.cpp
 
Building target: ANUGCD
Invoking: GCC C++ Linker
g++  -o "ANUGCD"  ./main.o   
Finished building target: ANUGCD
 
01:30:59 **** Incremental Build of configuration Debug for project ANUGCD ****
make all 
Building file: ../main.cpp
Invoking: GCC C++ Compiler
g++ -O0 -g3 -Wall -c -fmessage-length=0 -MMD -MP -MF"main.d" -MT"main.d" -o "main.o" "../main.cpp"
../main.cpp: In function ‘int main()’:
../main.cpp:46:30: warning: comparison between signed and unsigned integer expressions [-Wsign-compare]
Finished building: ../main.cpp
 
Building target: ANUGCD
Invoking: GCC C++ Linker
g++  -o "ANUGCD"  ./main.o   
Finished building target: ANUGCD
 
02:08:09 **** Incremental Build of configuration Debug for project ANUGCD ****
make all 
Building file: ../main.cpp
Invoking: GCC C++ Compiler
g++ -O0 -g3 -Wall -c -fmessage-length=0 -MMD -MP -MF"main.d" -MT"main.d" -o "main.o" "../main.cpp"
../main.cpp: In function ‘int main()’:
../main.cpp:44:34: error: invalid initialization of non-const reference of type ‘std::vector<int>&’ from an rvalue of type ‘std::vector<int>’
../main.cpp:45:29: warning: comparison between signed and unsigned integer expressions [-Wsign-compare]
../main.cpp:53:31: error: invalid initialization of non-const reference of type ‘std::vector<int>&’ from an rvalue of type ‘std::vector<int>’
../main.cpp:54:29: warning: comparison between signed and unsigned integer expressions [-Wsign-compare]
make: *** [main.o] Error 1
02:08:42 **** Incremental Build of configuration Debug for project ANUGCD ****
make all 
Building file: ../main.cpp
Invoking: GCC C++ Compiler
g++ -O0 -g3 -Wall -c -fmessage-length=0 -MMD -MP -MF"main.d" -MT"main.d" -o "main.o" "../main.cpp"
../main.cpp: In function ‘int main()’:
../main.cpp:45:29: warning: comparison between signed and unsigned integer expressions [-Wsign-compare]
../main.cpp:54:29: warning: comparison between signed and unsigned integer expressions [-Wsign-compare]
Finished building: ../main.cpp
 
Building target: ANUGCD
Invoking: GCC C++ Linker
g++  -o "ANUGCD"  ./main.o   
Finished building target: ANUGCD
 
02:08:42 **** Incremental Build of configuration Debug for project MIKE3 ****
make all 
make: No se hace nada para `all'.
02:08:42 **** Incremental Build of configuration Debug for project PROSUM ****
make all 
make: No se hace nada para `all'.
02:08:43 **** Incremental Build of configuration Debug for project TMSLT ****
make all 
make: No se hace nada para `all'.
02:08:43 **** Incremental Build of configuration Debug for project WALK ****
make all 
make: No se hace nada para `all'.
02:08:45 **** Incremental Build of configuration Debug for project ANUGCD ****
make all 
make: No se hace nada para `all'.
02:09:17 **** Incremental Build of configuration Debug for project ANUGCD ****
make all 
Building file: ../main.cpp
Invoking: GCC C++ Compiler
g++ -O0 -g3 -Wall -c -fmessage-length=0 -MMD -MP -MF"main.d" -MT"main.d" -o "main.o" "../main.cpp"
../main.cpp: In function ‘int main()’:
../main.cpp:45:29: warning: comparison between signed and unsigned integer expressions [-Wsign-compare]
../main.cpp:54:29: warning: comparison between signed and unsigned integer expressions [-Wsign-compare]
Finished building: ../main.cpp
 
Building target: ANUGCD
Invoking: GCC C++ Linker
g++  -o "ANUGCD"  ./main.o   
Finished building target: ANUGCD
 
02:12:10 **** Incremental Build of configuration Debug for project ANUGCD ****
make all 
Building file: ../main.cpp
Invoking: GCC C++ Compiler
g++ -O0 -g3 -Wall -c -fmessage-length=0 -MMD -MP -MF"main.d" -MT"main.d" -o "main.o" "../main.cpp"
../main.cpp: In function ‘int main()’:
../main.cpp:45:29: warning: comparison between signed and unsigned integer expressions [-Wsign-compare]
../main.cpp:54:29: warning: comparison between signed and unsigned integer expressions [-Wsign-compare]
Finished building: ../main.cpp
 
Building target: ANUGCD
Invoking: GCC C++ Linker
g++  -o "ANUGCD"  ./main.o   
Finished building target: ANUGCD
 
02:14:14 **** Incremental Build of configuration Debug for project ANUGCD ****
make all 
Building file: ../main.cpp
Invoking: GCC C++ Compiler
g++ -O0 -g3 -Wall -c -fmessage-length=0 -MMD -MP -MF"main.d" -MT"main.d" -o "main.o" "../main.cpp"
../main.cpp: In function ‘int main()’:
../main.cpp:45:29: warning: comparison between signed and unsigned integer expressions [-Wsign-compare]
../main.cpp:54:29: warning: comparison between signed and unsigned integer expressions [-Wsign-compare]
Finished building: ../main.cpp
 
Building target: ANUGCD
Invoking: GCC C++ Linker
g++  -o "ANUGCD"  ./main.o   
Finished building target: ANUGCD
 
02:22:17 **** Incremental Build of configuration Debug for project ANUGCD ****
make all 
Building file: ../main.cpp
Invoking: GCC C++ Compiler
g++ -O0 -g3 -Wall -c -fmessage-length=0 -MMD -MP -MF"main.d" -MT"main.d" -o "main.o" "../main.cpp"
../main.cpp: In function ‘int main()’:
../main.cpp:47:29: warning: comparison between signed and unsigned integer expressions [-Wsign-compare]
../main.cpp:56:29: warning: comparison between signed and unsigned integer expressions [-Wsign-compare]
Finished building: ../main.cpp
 
Building target: ANUGCD
Invoking: GCC C++ Linker
g++  -o "ANUGCD"  ./main.o   
Finished building target: ANUGCD
 
02:22:58 **** Incremental Build of configuration Debug for project ANUGCD ****
make all 
make: No se hace nada para `all'.
08:06:58 **** Incremental Build of configuration Debug for project ANUGCD ****
make all 
Building file: ../main.cpp
Invoking: GCC C++ Compiler
g++ -O0 -g3 -Wall -c -fmessage-length=0 -MMD -MP -MF"main.d" -MT"main.d" -o "main.o" "../main.cpp"
../main.cpp: In function ‘int main()’:
../main.cpp:87:29: warning: comparison between signed and unsigned integer expressions [-Wsign-compare]
../main.cpp:96:29: warning: comparison between signed and unsigned integer expressions [-Wsign-compare]
Finished building: ../main.cpp
 
Building target: ANUGCD
Invoking: GCC C++ Linker
g++  -o "ANUGCD"  ./main.o   
Finished building target: ANUGCD
 
08:07:01 **** Incremental Build of configuration Debug for project MIKE3 ****
make all 
make: No se hace nada para `all'.
08:07:01 **** Incremental Build of configuration Debug for project PROSUM ****
make all 
make: No se hace nada para `all'.
08:07:02 **** Incremental Build of configuration Debug for project TMSLT ****
make all 
make: No se hace nada para `all'.
08:07:02 **** Incremental Build of configuration Debug for project WALK ****
make all 
make: No se hace nada para `all'.
09:27:55 **** Incremental Build of configuration Debug for project ANUGCD ****
make all 
Building file: ../generador.cpp
Invoking: GCC C++ Compiler
g++ -O0 -g3 -Wall -c -fmessage-length=0 -MMD -MP -MF"generador.d" -MT"generador.d" -o "generador.o" "../generador.cpp"
Finished building: ../generador.cpp
 
Building file: ../main.cpp
Invoking: GCC C++ Compiler
g++ -O0 -g3 -Wall -c -fmessage-length=0 -MMD -MP -MF"main.d" -MT"main.d" -o "main.o" "../main.cpp"
../main.cpp:74:20: error: no matching function for call to ‘SegmentTree::SegmentTree()’
../main.cpp:74:20: note: candidates are:
../main.cpp:61:2: note: SegmentTree::SegmentTree(const std::vector<int>&)
../main.cpp:61:2: note:   candidate expects 1 argument, 0 provided
../main.cpp:37:8: note: SegmentTree::SegmentTree(const SegmentTree&)
../main.cpp:37:8: note:   candidate expects 1 argument, 0 provided
../main.cpp: In function ‘int main()’:
../main.cpp:83:29: warning: comparison between signed and unsigned integer expressions [-Wsign-compare]
../main.cpp:90:33: warning: comparison between signed and unsigned integer expressions [-Wsign-compare]
../main.cpp:100:29: warning: comparison between signed and unsigned integer expressions [-Wsign-compare]
make: *** [main.o] Error 1
09:28:29 **** Incremental Build of configuration Debug for project ANUGCD ****
make all 
Building file: ../main.cpp
Invoking: GCC C++ Compiler
g++ -O0 -g3 -Wall -c -fmessage-length=0 -MMD -MP -MF"main.d" -MT"main.d" -o "main.o" "../main.cpp"
../main.cpp: In function ‘int main()’:
../main.cpp:84:29: warning: comparison between signed and unsigned integer expressions [-Wsign-compare]
../main.cpp:91:33: warning: comparison between signed and unsigned integer expressions [-Wsign-compare]
../main.cpp:101:29: warning: comparison between signed and unsigned integer expressions [-Wsign-compare]
Finished building: ../main.cpp
 
Building target: ANUGCD
Invoking: GCC C++ Linker
g++  -o "ANUGCD"  ./generador.o ./main.o   
./main.o: In function `main':
/home/branimir/github/Workspace/CODECHEF/MARCH14/ANUGCD/Debug/../main.cpp:76: multiple definition of `main'
./generador.o:/home/branimir/github/Workspace/CODECHEF/MARCH14/ANUGCD/Debug/../generador.cpp:5: first defined here
collect2: error: ld returned 1 exit status
make: *** [ANUGCD] Error 1
09:29:13 **** Incremental Build of configuration Debug for project ANUGCD ****
make all 
Building file: ../generador.cpp
Invoking: GCC C++ Compiler
g++ -O0 -g3 -Wall -c -fmessage-length=0 -MMD -MP -MF"generador.d" -MT"generador.d" -o "generador.o" "../generador.cpp"
Finished building: ../generador.cpp
 
Building target: ANUGCD
Invoking: GCC C++ Linker
g++  -o "ANUGCD"  ./generador.o ./main.o   
Finished building target: ANUGCD
 
09:30:08 **** Incremental Build of configuration Debug for project ANUGCD ****
make all 
make: No se hace nada para `all'.
09:32:07 **** Incremental Build of configuration Debug for project ANUGCD ****
make all 
Building file: ../main.cpp
Invoking: GCC C++ Compiler
g++ -O0 -g3 -Wall -c -fmessage-length=0 -MMD -MP -MF"main.d" -MT"main.d" -o "main.o" "../main.cpp"
../main.cpp: In function ‘int main()’:
../main.cpp:84:29: warning: comparison between signed and unsigned integer expressions [-Wsign-compare]
../main.cpp:90:25: error: no match for ‘operator<’ in ‘j < v[i]’
../main.cpp:90:25: note: candidates are:
In file included from /usr/include/c++/4.7/bits/stl_algobase.h:65:0,
                 from /usr/include/c++/4.7/bits/char_traits.h:41,
                 from /usr/include/c++/4.7/ios:41,
                 from /usr/include/c++/4.7/ostream:40,
                 from /usr/include/c++/4.7/iostream:40,
                 from ../main.cpp:1:
/usr/include/c++/4.7/bits/stl_pair.h:212:5: note: template<class _T1, class _T2> bool std::operator<(const std::pair<_T1, _T2>&, const std::pair<_T1, _T2>&)
/usr/include/c++/4.7/bits/stl_pair.h:212:5: note:   template argument deduction/substitution failed:
../main.cpp:90:25: note:   mismatched types ‘const std::pair<_T1, _T2>’ and ‘int’
In file included from /usr/include/c++/4.7/bits/stl_algobase.h:68:0,
                 from /usr/include/c++/4.7/bits/char_traits.h:41,
                 from /usr/include/c++/4.7/ios:41,
                 from /usr/include/c++/4.7/ostream:40,
                 from /usr/include/c++/4.7/iostream:40,
                 from ../main.cpp:1:
/usr/include/c++/4.7/bits/stl_iterator.h:299:5: note: template<class _Iterator> bool std::operator<(const std::reverse_iterator<_Iterator>&, const std::reverse_iterator<_Iterator>&)
/usr/include/c++/4.7/bits/stl_iterator.h:299:5: note:   template argument deduction/substitution failed:
../main.cpp:90:25: note:   mismatched types ‘const std::reverse_iterator<_Iterator>’ and ‘int’
In file included from /usr/include/c++/4.7/bits/stl_algobase.h:68:0,
                 from /usr/include/c++/4.7/bits/char_traits.h:41,
                 from /usr/include/c++/4.7/ios:41,
                 from /usr/include/c++/4.7/ostream:40,
                 from /usr/include/c++/4.7/iostream:40,
                 from ../main.cpp:1:
/usr/include/c++/4.7/bits/stl_iterator.h:349:5: note: template<class _IteratorL, class _IteratorR> bool std::operator<(const std::reverse_iterator<_IteratorL>&, const std::reverse_iterator<_IteratorR>&)
/usr/include/c++/4.7/bits/stl_iterator.h:349:5: note:   template argument deduction/substitution failed:
../main.cpp:90:25: note:   mismatched types ‘const std::reverse_iterator<_IteratorL>’ and ‘int’
In file included from /usr/include/c++/4.7/string:54:0,
                 from /usr/include/c++/4.7/bits/locale_classes.h:42,
                 from /usr/include/c++/4.7/bits/ios_base.h:43,
                 from /usr/include/c++/4.7/ios:43,
                 from /usr/include/c++/4.7/ostream:40,
                 from /usr/include/c++/4.7/iostream:40,
                 from ../main.cpp:1:
/usr/include/c++/4.7/bits/basic_string.h:2566:5: note: template<class _CharT, class _Traits, class _Alloc> bool std::operator<(const std::basic_string<_CharT, _Traits, _Alloc>&, const std::basic_string<_CharT, _Traits, _Alloc>&)
/usr/include/c++/4.7/bits/basic_string.h:2566:5: note:   template argument deduction/substitution failed:
../main.cpp:90:25: note:   mismatched types ‘const std::basic_string<_CharT, _Traits, _Alloc>’ and ‘int’
In file included from /usr/include/c++/4.7/string:54:0,
                 from /usr/include/c++/4.7/bits/locale_classes.h:42,
                 from /usr/include/c++/4.7/bits/ios_base.h:43,
                 from /usr/include/c++/4.7/ios:43,
                 from /usr/include/c++/4.7/ostream:40,
                 from /usr/include/c++/4.7/iostream:40,
                 from ../main.cpp:1:
/usr/include/c++/4.7/bits/basic_string.h:2578:5: note: template<class _CharT, class _Traits, class _Alloc> bool std::operator<(const std::basic_string<_CharT, _Traits, _Alloc>&, const _CharT*)
/usr/include/c++/4.7/bits/basic_string.h:2578:5: note:   template argument deduction/substitution failed:
../main.cpp:90:25: note:   mismatched types ‘const std::basic_string<_CharT, _Traits, _Alloc>’ and ‘int’
In file included from /usr/include/c++/4.7/string:54:0,
                 from /usr/include/c++/4.7/bits/locale_classes.h:42,
                 from /usr/include/c++/4.7/bits/ios_base.h:43,
                 from /usr/include/c++/4.7/ios:43,
                 from /usr/include/c++/4.7/ostream:40,
                 from /usr/include/c++/4.7/iostream:40,
                 from ../main.cpp:1:
/usr/include/c++/4.7/bits/basic_string.h:2590:5: note: template<class _CharT, class _Traits, class _Alloc> bool std::operator<(const _CharT*, const std::basic_string<_CharT, _Traits, _Alloc>&)
/usr/include/c++/4.7/bits/basic_string.h:2590:5: note:   template argument deduction/substitution failed:
../main.cpp:90:25: note:   mismatched types ‘const _CharT*’ and ‘int’
In file included from /usr/include/c++/4.7/vector:65:0,
                 from ../main.cpp:3:
/usr/include/c++/4.7/bits/stl_vector.h:1387:5: note: template<class _Tp, class _Alloc> bool std::operator<(const std::vector<_Tp, _Alloc>&, const std::vector<_Tp, _Alloc>&)
/usr/include/c++/4.7/bits/stl_vector.h:1387:5: note:   template argument deduction/substitution failed:
../main.cpp:90:25: note:   mismatched types ‘const std::vector<_Tp, _Alloc>’ and ‘int’
In file included from /usr/include/c++/4.7/bits/stl_algobase.h:68:0,
                 from /usr/include/c++/4.7/bits/char_traits.h:41,
                 from /usr/include/c++/4.7/ios:41,
                 from /usr/include/c++/4.7/ostream:40,
                 from /usr/include/c++/4.7/iostream:40,
                 from ../main.cpp:1:
/usr/include/c++/4.7/bits/stl_iterator.h:838:5: note: template<class _Iterator, class _Container> bool __gnu_cxx::operator<(const __gnu_cxx::__normal_iterator<_Iterator, _Container>&, const __gnu_cxx::__normal_iterator<_Iterator, _Container>&)
/usr/include/c++/4.7/bits/stl_iterator.h:838:5: note:   template argument deduction/substitution failed:
../main.cpp:90:25: note:   mismatched types ‘const __gnu_cxx::__normal_iterator<_Iterator, _Container>’ and ‘int’
In file included from /usr/include/c++/4.7/bits/stl_algobase.h:68:0,
                 from /usr/include/c++/4.7/bits/char_traits.h:41,
                 from /usr/include/c++/4.7/ios:41,
                 from /usr/include/c++/4.7/ostream:40,
                 from /usr/include/c++/4.7/iostream:40,
                 from ../main.cpp:1:
/usr/include/c++/4.7/bits/stl_iterator.h:832:5: note: template<class _IteratorL, class _IteratorR, class _Container> bool __gnu_cxx::operator<(const __gnu_cxx::__normal_iterator<_IteratorL, _Container>&, const __gnu_cxx::__normal_iterator<_IteratorR, _Container>&)
/usr/include/c++/4.7/bits/stl_iterator.h:832:5: note:   template argument deduction/substitution failed:
../main.cpp:90:25: note:   mismatched types ‘const __gnu_cxx::__normal_iterator<_IteratorL, _Container>’ and ‘int’
../main.cpp:98:33: warning: comparison between signed and unsigned integer expressions [-Wsign-compare]
../main.cpp:108:29: warning: comparison between signed and unsigned integer expressions [-Wsign-compare]
make: *** [main.o] Error 1
09:32:17 **** Incremental Build of configuration Debug for project ANUGCD ****
make all 
Building file: ../main.cpp
Invoking: GCC C++ Compiler
g++ -O0 -g3 -Wall -c -fmessage-length=0 -MMD -MP -MF"main.d" -MT"main.d" -o "main.o" "../main.cpp"
../main.cpp: In function ‘int main()’:
../main.cpp:84:29: warning: comparison between signed and unsigned integer expressions [-Wsign-compare]
../main.cpp:90:32: warning: comparison between signed and unsigned integer expressions [-Wsign-compare]
../main.cpp:98:33: warning: comparison between signed and unsigned integer expressions [-Wsign-compare]
../main.cpp:108:29: warning: comparison between signed and unsigned integer expressions [-Wsign-compare]
Finished building: ../main.cpp
 
Building target: ANUGCD
Invoking: GCC C++ Linker
g++  -o "ANUGCD"  ./generador.o ./main.o   
Finished building target: ANUGCD
 
09:36:54 **** Incremental Build of configuration Debug for project ANUGCD ****
make all 
Building file: ../main.cpp
Invoking: GCC C++ Compiler
g++ -O0 -g3 -Wall -c -fmessage-length=0 -MMD -MP -MF"main.d" -MT"main.d" -o "main.o" "../main.cpp"
../main.cpp: In function ‘int main()’:
../main.cpp:84:29: warning: comparison between signed and unsigned integer expressions [-Wsign-compare]
../main.cpp:90:32: warning: comparison between signed and unsigned integer expressions [-Wsign-compare]
../main.cpp:98:33: warning: comparison between signed and unsigned integer expressions [-Wsign-compare]
../main.cpp:106:35: warning: comparison between signed and unsigned integer expressions [-Wsign-compare]
../main.cpp:117:29: warning: comparison between signed and unsigned integer expressions [-Wsign-compare]
Finished building: ../main.cpp
 
Building target: ANUGCD
Invoking: GCC C++ Linker
g++  -o "ANUGCD"  ./generador.o ./main.o   
Finished building target: ANUGCD
 
09:46:28 **** Incremental Build of configuration Debug for project ANUGCD ****
make all 
Building file: ../main.cpp
Invoking: GCC C++ Compiler
g++ -O0 -g3 -Wall -c -fmessage-length=0 -MMD -MP -MF"main.d" -MT"main.d" -o "main.o" "../main.cpp"
../main.cpp: In function ‘int main()’:
../main.cpp:84:29: warning: comparison between signed and unsigned integer expressions [-Wsign-compare]
../main.cpp:90:32: warning: comparison between signed and unsigned integer expressions [-Wsign-compare]
../main.cpp:98:33: warning: comparison between signed and unsigned integer expressions [-Wsign-compare]
../main.cpp:106:35: warning: comparison between signed and unsigned integer expressions [-Wsign-compare]
../main.cpp:118:29: warning: comparison between signed and unsigned integer expressions [-Wsign-compare]
Finished building: ../main.cpp
 
Building target: ANUGCD
Invoking: GCC C++ Linker
g++  -o "ANUGCD"  ./generador.o ./main.o   
Finished building target: ANUGCD
 
09:53:44 **** Incremental Build of configuration Debug for project ANUGCD ****
make all 
Building file: ../generador.cpp
Invoking: GCC C++ Compiler
g++ -O0 -g3 -Wall -c -fmessage-length=0 -MMD -MP -MF"generador.d" -MT"generador.d" -o "generador.o" "../generador.cpp"
Finished building: ../generador.cpp
 
Building file: ../main.cpp
Invoking: GCC C++ Compiler
g++ -O0 -g3 -Wall -c -fmessage-length=0 -MMD -MP -MF"main.d" -MT"main.d" -o "main.o" "../main.cpp"
../main.cpp: In function ‘int getInt()’:
../main.cpp:25:13: error: ‘gets’ was not declared in this scope
../main.cpp: In function ‘int main()’:
../main.cpp:111:29: warning: comparison between signed and unsigned integer expressions [-Wsign-compare]
../main.cpp:126:33: warning: comparison between signed and unsigned integer expressions [-Wsign-compare]
../main.cpp:146:29: warning: comparison between signed and unsigned integer expressions [-Wsign-compare]
make: *** [main.o] Error 1
09:53:45 **** Incremental Build of configuration Debug for project MIKE3 ****
make all 
make: No se hace nada para `all'.
09:53:45 **** Incremental Build of configuration Debug for project PROSUM ****
make all 
make: No se hace nada para `all'.
09:53:45 **** Incremental Build of configuration Debug for project TMSLT ****
make all 
make: No se hace nada para `all'.
09:53:45 **** Incremental Build of configuration Debug for project WALK ****
make all 
make: No se hace nada para `all'.
09:55:10 **** Incremental Build of configuration Debug for project ANUGCD ****
make all 
Building file: ../main.cpp
Invoking: GCC C++ Compiler
g++ -O0 -g3 -Wall -c -fmessage-length=0 -MMD -MP -MF"main.d" -MT"main.d" -o "main.o" "../main.cpp"
../main.cpp: In function ‘int getInt()’:
../main.cpp:24:13: error: ‘gets’ was not declared in this scope
../main.cpp: In function ‘int main()’:
../main.cpp:111:29: warning: comparison between signed and unsigned integer expressions [-Wsign-compare]
../main.cpp:126:33: warning: comparison between signed and unsigned integer expressions [-Wsign-compare]
../main.cpp:142:3: error: ‘cin’ was not declared in this scope
../main.cpp:146:29: warning: comparison between signed and unsigned integer expressions [-Wsign-compare]
../main.cpp:159:29: error: ‘printf’ was not declared in this scope
../main.cpp:161:17: error: ‘puts’ was not declared in this scope
../main.cpp:164:16: error: ‘puts’ was not declared in this scope
make: *** [main.o] Error 1
09:55:10 **** Incremental Build of configuration Debug for project MIKE3 ****
make all 
make: No se hace nada para `all'.
09:55:10 **** Incremental Build of configuration Debug for project PROSUM ****
make all 
make: No se hace nada para `all'.
09:55:10 **** Incremental Build of configuration Debug for project TMSLT ****
make all 
make: No se hace nada para `all'.
09:55:10 **** Incremental Build of configuration Debug for project WALK ****
make all 
make: No se hace nada para `all'.
09:55:26 **** Incremental Build of configuration Debug for project ANUGCD ****
make all 
Building file: ../main.cpp
Invoking: GCC C++ Compiler
g++ -O0 -g3 -Wall -c -fmessage-length=0 -MMD -MP -MF"main.d" -MT"main.d" -o "main.o" "../main.cpp"
../main.cpp: In function ‘int main()’:
../main.cpp:112:29: warning: comparison between signed and unsigned integer expressions [-Wsign-compare]
../main.cpp:127:33: warning: comparison between signed and unsigned integer expressions [-Wsign-compare]
../main.cpp:143:3: error: ‘cin’ was not declared in this scope
../main.cpp:147:29: warning: comparison between signed and unsigned integer expressions [-Wsign-compare]
make: *** [main.o] Error 1
09:55:26 **** Incremental Build of configuration Debug for project MIKE3 ****
make all 
make: No se hace nada para `all'.
09:55:26 **** Incremental Build of configuration Debug for project PROSUM ****
make all 
make: No se hace nada para `all'.
09:55:26 **** Incremental Build of configuration Debug for project TMSLT ****
make all 
make: No se hace nada para `all'.
09:55:26 **** Incremental Build of configuration Debug for project WALK ****
make all 
make: No se hace nada para `all'.
09:55:51 **** Incremental Build of configuration Debug for project ANUGCD ****
make all 
Building file: ../main.cpp
Invoking: GCC C++ Compiler
g++ -O0 -g3 -Wall -c -fmessage-length=0 -MMD -MP -MF"main.d" -MT"main.d" -o "main.o" "../main.cpp"
../main.cpp: In function ‘int main()’:
../main.cpp:112:29: warning: comparison between signed and unsigned integer expressions [-Wsign-compare]
../main.cpp:127:33: warning: comparison between signed and unsigned integer expressions [-Wsign-compare]
../main.cpp:149:29: warning: comparison between signed and unsigned integer expressions [-Wsign-compare]
Finished building: ../main.cpp
 
Building target: ANUGCD
Invoking: GCC C++ Linker
g++  -o "ANUGCD"  ./generador.o ./main.o   
./main.o: In function `main':
/home/branimir/github/Workspace/CODECHEF/MARCH14/ANUGCD/Debug/../main.cpp:103: multiple definition of `main'
./generador.o:/home/branimir/github/Workspace/CODECHEF/MARCH14/ANUGCD/Debug/../generador.cpp:5: first defined here
collect2: error: ld returned 1 exit status
make: *** [ANUGCD] Error 1
09:55:51 **** Incremental Build of configuration Debug for project MIKE3 ****
make all 
make: No se hace nada para `all'.
09:55:51 **** Incremental Build of configuration Debug for project PROSUM ****
make all 
make: No se hace nada para `all'.
09:55:51 **** Incremental Build of configuration Debug for project TMSLT ****
make all 
make: No se hace nada para `all'.
09:55:51 **** Incremental Build of configuration Debug for project WALK ****
make all 
make: No se hace nada para `all'.
09:56:08 **** Incremental Build of configuration Debug for project ANUGCD ****
make all 
Building file: ../generador.cpp
Invoking: GCC C++ Compiler
g++ -O0 -g3 -Wall -c -fmessage-length=0 -MMD -MP -MF"generador.d" -MT"generador.d" -o "generador.o" "../generador.cpp"
Finished building: ../generador.cpp
 
Building target: ANUGCD
Invoking: GCC C++ Linker
g++  -o "ANUGCD"  ./generador.o ./main.o   
Finished building target: ANUGCD
 
09:56:09 **** Incremental Build of configuration Debug for project MIKE3 ****
make all 
make: No se hace nada para `all'.
09:56:09 **** Incremental Build of configuration Debug for project PROSUM ****
make all 
make: No se hace nada para `all'.
09:56:09 **** Incremental Build of configuration Debug for project TMSLT ****
make all 
make: No se hace nada para `all'.
09:56:09 **** Incremental Build of configuration Debug for project WALK ****
make all 
make: No se hace nada para `all'.
10:01:05 **** Incremental Build of configuration Debug for project ANUGCD ****
make all 
Building file: ../main.cpp
Invoking: GCC C++ Compiler
g++ -O0 -g3 -Wall -c -fmessage-length=0 -MMD -MP -MF"main.d" -MT"main.d" -o "main.o" "../main.cpp"
../main.cpp: In function ‘int main()’:
../main.cpp:104:21: error: ‘clock’ was not declared in this scope
../main.cpp:113:29: warning: comparison between signed and unsigned integer expressions [-Wsign-compare]
../main.cpp:120:33: warning: comparison between signed and unsigned integer expressions [-Wsign-compare]
../main.cpp:132:29: warning: comparison between signed and unsigned integer expressions [-Wsign-compare]
../main.cpp:104:9: warning: unused variable ‘ini’ [-Wunused-variable]
make: *** [main.o] Error 1
10:01:22 **** Incremental Build of configuration Debug for project ANUGCD ****
make all 
Building file: ../main.cpp
Invoking: GCC C++ Compiler
g++ -O0 -g3 -Wall -c -fmessage-length=0 -MMD -MP -MF"main.d" -MT"main.d" -o "main.o" "../main.cpp"
../main.cpp: In function ‘int main()’:
../main.cpp:113:29: warning: comparison between signed and unsigned integer expressions [-Wsign-compare]
../main.cpp:120:33: warning: comparison between signed and unsigned integer expressions [-Wsign-compare]
../main.cpp:132:29: warning: comparison between signed and unsigned integer expressions [-Wsign-compare]
Finished building: ../main.cpp
 
Building target: ANUGCD
Invoking: GCC C++ Linker
g++  -o "ANUGCD"  ./generador.o ./main.o   
Finished building target: ANUGCD
 
10:33:49 **** Incremental Build of configuration Debug for project ANUGCD ****
make all 
Building file: ../main.cpp
Invoking: GCC C++ Compiler
g++ -O0 -g3 -Wall -c -fmessage-length=0 -MMD -MP -MF"main.d" -MT"main.d" -o "main.o" "../main.cpp"
../main.cpp: In function ‘int main()’:
../main.cpp:112:29: warning: comparison between signed and unsigned integer expressions [-Wsign-compare]
../main.cpp:119:33: warning: comparison between signed and unsigned integer expressions [-Wsign-compare]
../main.cpp:131:29: warning: comparison between signed and unsigned integer expressions [-Wsign-compare]
Finished building: ../main.cpp
 
Building target: ANUGCD
Invoking: GCC C++ Linker
g++  -o "ANUGCD"  ./main.o   
Finished building target: ANUGCD
 
10:33:49 **** Incremental Build of configuration Debug for project MIKE3 ****
make all 
make: No se hace nada para `all'.
10:33:49 **** Incremental Build of configuration Debug for project PROSUM ****
make all 
make: No se hace nada para `all'.
10:33:49 **** Incremental Build of configuration Debug for project TMSLT ****
make all 
make: No se hace nada para `all'.
10:33:50 **** Incremental Build of configuration Debug for project WALK ****
make all 
make: No se hace nada para `all'.
10:34:47 **** Incremental Build of configuration Debug for project ANUGCD ****
make all 
Building file: ../main.cpp
Invoking: GCC C++ Compiler
g++ -O0 -g3 -Wall -c -fmessage-length=0 -MMD -MP -MF"main.d" -MT"main.d" -o "main.o" "../main.cpp"
../main.cpp: In function ‘int main()’:
../main.cpp:112:29: warning: comparison between signed and unsigned integer expressions [-Wsign-compare]
../main.cpp:119:33: warning: comparison between signed and unsigned integer expressions [-Wsign-compare]
../main.cpp:131:29: warning: comparison between signed and unsigned integer expressions [-Wsign-compare]
Finished building: ../main.cpp
 
Building target: ANUGCD
Invoking: GCC C++ Linker
g++  -o "ANUGCD"  ./main.o   
Finished building target: ANUGCD
 
10:37:32 **** Incremental Build of configuration Debug for project ANUGCD ****
make all 
Building file: ../main.cpp
Invoking: GCC C++ Compiler
g++ -O0 -g3 -Wall -c -fmessage-length=0 -MMD -MP -MF"main.d" -MT"main.d" -o "main.o" "../main.cpp"
../main.cpp: In function ‘int main()’:
../main.cpp:112:29: warning: comparison between signed and unsigned integer expressions [-Wsign-compare]
../main.cpp:119:33: warning: comparison between signed and unsigned integer expressions [-Wsign-compare]
../main.cpp:131:29: warning: comparison between signed and unsigned integer expressions [-Wsign-compare]
Finished building: ../main.cpp
 
Building target: ANUGCD
Invoking: GCC C++ Linker
g++  -o "ANUGCD"  ./main.o   
Finished building target: ANUGCD
 
10:37:32 **** Incremental Build of configuration Debug for project MIKE3 ****
make all 
make: No se hace nada para `all'.
10:37:33 **** Incremental Build of configuration Debug for project PROSUM ****
make all 
make: No se hace nada para `all'.
10:37:33 **** Incremental Build of configuration Debug for project TMSLT ****
make all 
make: No se hace nada para `all'.
10:37:33 **** Incremental Build of configuration Debug for project WALK ****
make all 
make: No se hace nada para `all'.
19:56:39 **** Incremental Build of configuration Debug for project ANUGCD ****
make all 
Building file: ../main.cpp
Invoking: GCC C++ Compiler
g++ -O0 -g3 -Wall -c -fmessage-length=0 -MMD -MP -MF"main.d" -MT"main.d" -o "main.o" "../main.cpp"
../main.cpp: In function ‘int main()’:
../main.cpp:111:31: warning: comparison between signed and unsigned integer expressions [-Wsign-compare]
../main.cpp:118:36: warning: comparison between signed and unsigned integer expressions [-Wsign-compare]
../main.cpp:130:31: warning: comparison between signed and unsigned integer expressions [-Wsign-compare]
Finished building: ../main.cpp
 
Building target: ANUGCD
Invoking: GCC C++ Linker
g++  -o "ANUGCD"  ./main.o   
Finished building target: ANUGCD
 
19:56:40 **** Incremental Build of configuration Debug for project MIKE3 ****
make all 
make: No se hace nada para `all'.
19:56:40 **** Incremental Build of configuration Debug for project PROSUM ****
make all 
make: No se hace nada para `all'.
19:56:40 **** Build of configuration Debug for project SEASORT2 ****
make all 
Building file: ../main.cpp
Invoking: GCC C++ Compiler
g++ -O0 -g3 -Wall -c -fmessage-length=0 -MMD -MP -MF"main.d" -MT"main.d" -o "main.o" "../main.cpp"
Finished building: ../main.cpp
 
Building target: SEASORT2
Invoking: GCC C++ Linker
g++  -o "SEASORT2"  ./main.o   
Finished building target: SEASORT2
 
19:56:41 **** Incremental Build of configuration Debug for project TMSLT ****
make all 
make: No se hace nada para `all'.
19:56:41 **** Incremental Build of configuration Debug for project WALK ****
make all 
make: No se hace nada para `all'.
19:56:42 **** Incremental Build of configuration Debug for project SEASORT2 ****
make all 
make: No se hace nada para `all'.
19:57:08 **** Incremental Build of configuration Debug for project SEASORT2 ****
make all 
Building file: ../main.cpp
Invoking: GCC C++ Compiler
g++ -O0 -g3 -Wall -c -fmessage-length=0 -MMD -MP -MF"main.d" -MT"main.d" -o "main.o" "../main.cpp"
Finished building: ../main.cpp
 
Building target: SEASORT2
Invoking: GCC C++ Linker
g++  -o "SEASORT2"  ./main.o   
Finished building target: SEASORT2
 
19:57:16 **** Incremental Build of configuration Debug for project SEASORT2 ****
make all 
make: No se hace nada para `all'.
20:11:03 **** Incremental Build of configuration Debug for project ANUGCD ****
make all 
make: No se hace nada para `all'.
20:11:03 **** Incremental Build of configuration Debug for project MIKE3 ****
make all 
make: No se hace nada para `all'.
20:11:03 **** Incremental Build of configuration Debug for project PROSUM ****
make all 
make: No se hace nada para `all'.
20:11:03 **** Incremental Build of configuration Debug for project SEASORT2 ****
make all 
Building file: ../main.cpp
Invoking: GCC C++ Compiler
g++ -O0 -g3 -Wall -c -fmessage-length=0 -MMD -MP -MF"main.d" -MT"main.d" -o "main.o" "../main.cpp"
../main.cpp: In function ‘int main()’:
../main.cpp:20:8: error: ‘class std::vector<std::pair<int, int> >’ has no member named ‘p’
../main.cpp:21:3: error: expected ‘;’ before ‘while’
make: *** [main.o] Error 1
20:11:04 **** Incremental Build of configuration Debug for project TMSLT ****
make all 
make: No se hace nada para `all'.
20:11:04 **** Incremental Build of configuration Debug for project WALK ****
make all 
make: No se hace nada para `all'.
20:11:39 **** Incremental Build of configuration Debug for project ANUGCD ****
make all 
make: No se hace nada para `all'.
20:11:39 **** Incremental Build of configuration Debug for project MIKE3 ****
make all 
make: No se hace nada para `all'.
20:11:40 **** Incremental Build of configuration Debug for project PROSUM ****
make all 
make: No se hace nada para `all'.
20:11:40 **** Incremental Build of configuration Debug for project SEASORT2 ****
make all 
Building file: ../main.cpp
Invoking: GCC C++ Compiler
g++ -O0 -g3 -Wall -c -fmessage-length=0 -MMD -MP -MF"main.d" -MT"main.d" -o "main.o" "../main.cpp"
Finished building: ../main.cpp
 
Building target: SEASORT2
Invoking: GCC C++ Linker
g++  -o "SEASORT2"  ./main.o   
Finished building target: SEASORT2
 
20:11:40 **** Incremental Build of configuration Debug for project TMSLT ****
make all 
make: No se hace nada para `all'.
20:11:40 **** Incremental Build of configuration Debug for project WALK ****
make all 
make: No se hace nada para `all'.
20:12:33 **** Incremental Build of configuration Debug for project SEASORT2 ****
make all 
Building file: ../main.cpp
Invoking: GCC C++ Compiler
g++ -O0 -g3 -Wall -c -fmessage-length=0 -MMD -MP -MF"main.d" -MT"main.d" -o "main.o" "../main.cpp"
../main.cpp: In function ‘int main()’:
../main.cpp:28:30: warning: comparison between signed and unsigned integer expressions [-Wsign-compare]
Finished building: ../main.cpp
 
Building target: SEASORT2
Invoking: GCC C++ Linker
g++  -o "SEASORT2"  ./main.o   
Finished building target: SEASORT2
 
20:22:25 **** Incremental Build of configuration Debug for project SEASORT2 ****
make all 
Building file: ../main.cpp
Invoking: GCC C++ Compiler
g++ -O0 -g3 -Wall -c -fmessage-length=0 -MMD -MP -MF"main.d" -MT"main.d" -o "main.o" "../main.cpp"
../main.cpp: In function ‘int main()’:
../main.cpp:30:30: warning: comparison between signed and unsigned integer expressions [-Wsign-compare]
Finished building: ../main.cpp
 
Building target: SEASORT2
Invoking: GCC C++ Linker
g++  -o "SEASORT2"  ./main.o   
Finished building target: SEASORT2
 
20:55:10 **** Incremental Build of configuration Debug for project SEASORT2 ****
make all 
Building file: ../main.cpp
Invoking: GCC C++ Compiler
g++ -O0 -g3 -Wall -c -fmessage-length=0 -MMD -MP -MF"main.d" -MT"main.d" -o "main.o" "../main.cpp"
../main.cpp: In function ‘int main()’:
../main.cpp:32:30: warning: comparison between signed and unsigned integer expressions [-Wsign-compare]
Finished building: ../main.cpp
 
Building target: SEASORT2
Invoking: GCC C++ Linker
g++  -o "SEASORT2"  ./main.o   
Finished building target: SEASORT2
 
20:55:54 **** Incremental Build of configuration Debug for project SEASORT2 ****
make all 
Building file: ../main.cpp
Invoking: GCC C++ Compiler
g++ -O0 -g3 -Wall -c -fmessage-length=0 -MMD -MP -MF"main.d" -MT"main.d" -o "main.o" "../main.cpp"
../main.cpp: In function ‘int main()’:
../main.cpp:32:30: warning: comparison between signed and unsigned integer expressions [-Wsign-compare]
Finished building: ../main.cpp
 
Building target: SEASORT2
Invoking: GCC C++ Linker
g++  -o "SEASORT2"  ./main.o   
Finished building target: SEASORT2
 
20:56:11 **** Incremental Build of configuration Debug for project SEASORT2 ****
make all 
Building file: ../main.cpp
Invoking: GCC C++ Compiler
g++ -O0 -g3 -Wall -c -fmessage-length=0 -MMD -MP -MF"main.d" -MT"main.d" -o "main.o" "../main.cpp"
../main.cpp: In function ‘int main()’:
../main.cpp:32:30: warning: comparison between signed and unsigned integer expressions [-Wsign-compare]
Finished building: ../main.cpp
 
Building target: SEASORT2
Invoking: GCC C++ Linker
g++  -o "SEASORT2"  ./main.o   
Finished building target: SEASORT2
 
21:18:38 **** Incremental Build of configuration Debug for project SEASORT2 ****
make all 
Building file: ../main.cpp
Invoking: GCC C++ Compiler
g++ -O0 -g3 -Wall -c -fmessage-length=0 -MMD -MP -MF"main.d" -MT"main.d" -o "main.o" "../main.cpp"
../main.cpp: In function ‘int main()’:
../main.cpp:23:24: warning: comparison between signed and unsigned integer expressions [-Wsign-compare]
../main.cpp:36:30: warning: comparison between signed and unsigned integer expressions [-Wsign-compare]
Finished building: ../main.cpp
 
Building target: SEASORT2
Invoking: GCC C++ Linker
g++  -o "SEASORT2"  ./main.o   
Finished building target: SEASORT2
 
